{"C:\\Fedja\\RestaurantKF_v3\\restaurant_v3\\client-app\\registerServiceWorker.js": {"path":"C:\\Fedja\\RestaurantKF_v3\\restaurant_v3\\client-app\\registerServiceWorker.js","statementMap":{"0":{"start":{"line":1,"column":13},"end":{"line":1,"column":75}},"1":{"start":{"line":1,"column":75},"end":{"line":22,"column":9}},"2":{"start":{"line":22,"column":9},"end":{"line":112,"column":24}},"3":{"start":{"line":112,"column":34},"end":{"line":112,"column":49}},"4":{"start":{"line":112,"column":61},"end":{"line":112,"column":88}},"5":{"start":{"line":112,"column":127},"end":{"line":112,"column":181}},"6":{"start":{"line":119,"column":18},"end":{"line":121,"column":89}},"7":{"start":{"line":121,"column":111},"end":{"line":132,"column":36}},"8":{"start":{"line":129,"column":4},"end":{"line":132,"column":35}},"9":{"start":{"line":129,"column":61},"end":{"line":129,"column":106}},"10":{"start":{"line":129,"column":107},"end":{"line":132,"column":32}},"11":{"start":{"line":131,"column":8},"end":{"line":131,"column":21}},"12":{"start":{"line":132,"column":8},"end":{"line":132,"column":31}},"13":{"start":{"line":132,"column":60},"end":{"line":136,"column":5}},"14":{"start":{"line":133,"column":4},"end":{"line":133,"column":90}},"15":{"start":{"line":135,"column":4},"end":{"line":135,"column":60}},"16":{"start":{"line":136,"column":39},"end":{"line":146,"column":5}},"17":{"start":{"line":136,"column":109},"end":{"line":145,"column":16}},"18":{"start":{"line":136,"column":174},"end":{"line":136,"column":197}},"19":{"start":{"line":136,"column":198},"end":{"line":145,"column":14}},"20":{"start":{"line":136,"column":244},"end":{"line":145,"column":12}},"21":{"start":{"line":136,"column":289},"end":{"line":145,"column":11}},"22":{"start":{"line":140,"column":12},"end":{"line":140,"column":69}},"23":{"start":{"line":144,"column":12},"end":{"line":144,"column":62}},"24":{"start":{"line":145,"column":43},"end":{"line":145,"column":109}},"25":{"start":{"line":147,"column":2},"end":{"line":151,"column":5}},"26":{"start":{"line":148,"column":4},"end":{"line":150,"column":30}},"27":{"start":{"line":149,"column":6},"end":{"line":149,"column":141}},"28":{"start":{"line":149,"column":66},"end":{"line":149,"column":138}},"29":{"start":{"line":149,"column":110},"end":{"line":149,"column":135}},"30":{"start":{"line":150,"column":6},"end":{"line":150,"column":29}},"31":{"start":{"line":150,"column":52},"end":{"line":150,"column":129}},"32":{"start":{"line":151,"column":29},"end":{"line":151,"column":154}},"33":{"start":{"line":151,"column":64},"end":{"line":151,"column":153}},"34":{"start":{"line":151,"column":124},"end":{"line":151,"column":150}}},"fnMap":{"0":{"name":"_interopRequireDefault","decl":{"start":{"line":112,"column":98},"end":{"line":112,"column":120}},"loc":{"start":{"line":112,"column":126},"end":{"line":112,"column":182}},"line":112},"1":{"name":"register","decl":{"start":{"line":121,"column":99},"end":{"line":121,"column":107}},"loc":{"start":{"line":121,"column":110},"end":{"line":132,"column":37}},"line":121},"2":{"name":"(anonymous_2)","decl":{"start":{"line":129,"column":36},"end":{"line":129,"column":37}},"loc":{"start":{"line":129,"column":48},"end":{"line":132,"column":33}},"line":129},"3":{"name":"registerSW","decl":{"start":{"line":132,"column":46},"end":{"line":132,"column":56}},"loc":{"start":{"line":132,"column":59},"end":{"line":136,"column":6}},"line":132},"4":{"name":"(anonymous_4)","decl":{"start":{"line":132,"column":112},"end":{"line":132,"column":113}},"loc":{"start":{"line":132,"column":136},"end":{"line":134,"column":3}},"line":132},"5":{"name":"(anonymous_5)","decl":{"start":{"line":134,"column":5},"end":{"line":134,"column":6}},"loc":{"start":{"line":134,"column":20},"end":{"line":136,"column":3}},"line":134},"6":{"name":"registerValidSW","decl":{"start":{"line":136,"column":15},"end":{"line":136,"column":30}},"loc":{"start":{"line":136,"column":38},"end":{"line":146,"column":6}},"line":136},"7":{"name":"(anonymous_7)","decl":{"start":{"line":136,"column":84},"end":{"line":136,"column":85}},"loc":{"start":{"line":136,"column":108},"end":{"line":145,"column":17}},"line":136},"8":{"name":"(anonymous_8)","decl":{"start":{"line":136,"column":138},"end":{"line":136,"column":139}},"loc":{"start":{"line":136,"column":150},"end":{"line":145,"column":15}},"line":136},"9":{"name":"(anonymous_9)","decl":{"start":{"line":136,"column":231},"end":{"line":136,"column":232}},"loc":{"start":{"line":136,"column":243},"end":{"line":145,"column":13}},"line":136},"10":{"name":"(anonymous_10)","decl":{"start":{"line":145,"column":25},"end":{"line":145,"column":26}},"loc":{"start":{"line":145,"column":42},"end":{"line":146,"column":3}},"line":145},"11":{"name":"checkValidServiceWorker","decl":{"start":{"line":146,"column":15},"end":{"line":146,"column":38}},"loc":{"start":{"line":146,"column":46},"end":{"line":151,"column":6}},"line":146},"12":{"name":"(anonymous_12)","decl":{"start":{"line":147,"column":20},"end":{"line":147,"column":21}},"loc":{"start":{"line":147,"column":40},"end":{"line":150,"column":31}},"line":147},"13":{"name":"(anonymous_13)","decl":{"start":{"line":149,"column":41},"end":{"line":149,"column":42}},"loc":{"start":{"line":149,"column":65},"end":{"line":149,"column":139}},"line":149},"14":{"name":"(anonymous_14)","decl":{"start":{"line":149,"column":97},"end":{"line":149,"column":98}},"loc":{"start":{"line":149,"column":109},"end":{"line":149,"column":136}},"line":149},"15":{"name":"(anonymous_15)","decl":{"start":{"line":150,"column":39},"end":{"line":150,"column":40}},"loc":{"start":{"line":150,"column":51},"end":{"line":151,"column":3}},"line":150},"16":{"name":"unregister","decl":{"start":{"line":151,"column":15},"end":{"line":151,"column":25}},"loc":{"start":{"line":151,"column":28},"end":{"line":151,"column":155}},"line":151},"17":{"name":"(anonymous_17)","decl":{"start":{"line":151,"column":99},"end":{"line":151,"column":100}},"loc":{"start":{"line":151,"column":123},"end":{"line":151,"column":151}},"line":151}},"branchMap":{"0":{"loc":{"start":{"line":112,"column":134},"end":{"line":112,"column":180}},"type":"cond-expr","locations":[{"start":{"line":112,"column":158},"end":{"line":112,"column":161}},{"start":{"line":112,"column":164},"end":{"line":112,"column":180}}],"line":112},"1":{"loc":{"start":{"line":112,"column":134},"end":{"line":112,"column":155}},"type":"binary-expr","locations":[{"start":{"line":112,"column":134},"end":{"line":112,"column":137}},{"start":{"line":112,"column":141},"end":{"line":112,"column":155}}],"line":112},"2":{"loc":{"start":{"line":119,"column":26},"end":{"line":121,"column":88}},"type":"binary-expr","locations":[{"start":{"line":119,"column":26},"end":{"line":119,"column":66}},{"start":{"line":120,"column":0},"end":{"line":120,"column":36}},{"start":{"line":121,"column":0},"end":{"line":121,"column":88}}],"line":119},"3":{"loc":{"start":{"line":121,"column":111},"end":{"line":132,"column":36}},"type":"if","locations":[{"start":{"line":121,"column":111},"end":{"line":132,"column":36}},{"start":{"line":121,"column":111},"end":{"line":132,"column":36}}],"line":121},"4":{"loc":{"start":{"line":129,"column":107},"end":{"line":132,"column":32}},"type":"if","locations":[{"start":{"line":129,"column":107},"end":{"line":132,"column":32}},{"start":{"line":129,"column":107},"end":{"line":132,"column":32}}],"line":129},"5":{"loc":{"start":{"line":136,"column":244},"end":{"line":145,"column":12}},"type":"if","locations":[{"start":{"line":136,"column":244},"end":{"line":145,"column":12}},{"start":{"line":136,"column":244},"end":{"line":145,"column":12}}],"line":136},"6":{"loc":{"start":{"line":136,"column":289},"end":{"line":145,"column":11}},"type":"if","locations":[{"start":{"line":136,"column":289},"end":{"line":145,"column":11}},{"start":{"line":136,"column":289},"end":{"line":145,"column":11}}],"line":136},"7":{"loc":{"start":{"line":148,"column":4},"end":{"line":150,"column":30}},"type":"if","locations":[{"start":{"line":148,"column":4},"end":{"line":150,"column":30}},{"start":{"line":148,"column":4},"end":{"line":150,"column":30}}],"line":148},"8":{"loc":{"start":{"line":148,"column":8},"end":{"line":148,"column":100}},"type":"binary-expr","locations":[{"start":{"line":148,"column":8},"end":{"line":148,"column":31}},{"start":{"line":148,"column":35},"end":{"line":148,"column":100}}],"line":148},"9":{"loc":{"start":{"line":151,"column":29},"end":{"line":151,"column":154}},"type":"if","locations":[{"start":{"line":151,"column":29},"end":{"line":151,"column":154}},{"start":{"line":151,"column":29},"end":{"line":151,"column":154}}],"line":151}},"s":{"0":0,"1":0,"2":0,"3":0,"4":0,"5":0,"6":0,"7":0,"8":0,"9":0,"10":0,"11":0,"12":0,"13":0,"14":0,"15":0,"16":0,"17":0,"18":0,"19":0,"20":0,"21":0,"22":0,"23":0,"24":0,"25":0,"26":0,"27":0,"28":0,"29":0,"30":0,"31":0,"32":0,"33":0,"34":0},"f":{"0":0,"1":0,"2":0,"3":0,"4":0,"5":0,"6":0,"7":0,"8":0,"9":0,"10":0,"11":0,"12":0,"13":0,"14":0,"15":0,"16":0,"17":0},"b":{"0":[0,0],"1":[0,0],"2":[0,0,0],"3":[0,0],"4":[0,0],"5":[0,0],"6":[0,0],"7":[0,0],"8":[0,0],"9":[0,0]}}
,"C:\\Fedja\\RestaurantKF_v3\\restaurant_v3\\client-app\\sw.js": {"path":"C:\\Fedja\\RestaurantKF_v3\\restaurant_v3\\client-app\\sw.js","statementMap":{"0":{"start":{"line":9,"column":17},"end":{"line":9,"column":29}},"1":{"start":{"line":12,"column":0},"end":{"line":27,"column":3}},"2":{"start":{"line":15,"column":2},"end":{"line":25,"column":50}},"3":{"start":{"line":16,"column":49},"end":{"line":22,"column":43}},"4":{"start":{"line":18,"column":32},"end":{"line":18,"column":55}},"5":{"start":{"line":19,"column":30},"end":{"line":22,"column":39}},"6":{"start":{"line":25,"column":20},"end":{"line":25,"column":46}},"7":{"start":{"line":31,"column":0},"end":{"line":39,"column":3}},"8":{"start":{"line":32,"column":2},"end":{"line":32,"column":23}},"9":{"start":{"line":33,"column":2},"end":{"line":38,"column":4}},"10":{"start":{"line":35,"column":4},"end":{"line":35,"column":44}},"11":{"start":{"line":37,"column":22},"end":{"line":37,"column":61}},"12":{"start":{"line":44,"column":0},"end":{"line":57,"column":3}},"13":{"start":{"line":45,"column":23},"end":{"line":45,"column":35}},"14":{"start":{"line":46,"column":2},"end":{"line":55,"column":52}},"15":{"start":{"line":48,"column":27},"end":{"line":53,"column":11}},"16":{"start":{"line":50,"column":8},"end":{"line":52,"column":9}},"17":{"start":{"line":51,"column":10},"end":{"line":51,"column":36}},"18":{"start":{"line":55,"column":20},"end":{"line":55,"column":48}}},"fnMap":{"0":{"name":"(anonymous_0)","decl":{"start":{"line":12,"column":33},"end":{"line":12,"column":34}},"loc":{"start":{"line":12,"column":46},"end":{"line":27,"column":1}},"line":12},"1":{"name":"(anonymous_1)","decl":{"start":{"line":16,"column":31},"end":{"line":16,"column":32}},"loc":{"start":{"line":16,"column":48},"end":{"line":22,"column":44}},"line":16},"2":{"name":"(anonymous_2)","decl":{"start":{"line":18,"column":11},"end":{"line":18,"column":12}},"loc":{"start":{"line":18,"column":31},"end":{"line":18,"column":56}},"line":18},"3":{"name":"(anonymous_3)","decl":{"start":{"line":19,"column":11},"end":{"line":19,"column":12}},"loc":{"start":{"line":19,"column":29},"end":{"line":22,"column":40}},"line":19},"4":{"name":"(anonymous_4)","decl":{"start":{"line":25,"column":7},"end":{"line":25,"column":8}},"loc":{"start":{"line":25,"column":19},"end":{"line":25,"column":47}},"line":25},"5":{"name":"(anonymous_5)","decl":{"start":{"line":31,"column":31},"end":{"line":31,"column":32}},"loc":{"start":{"line":31,"column":48},"end":{"line":39,"column":1}},"line":31},"6":{"name":"(anonymous_6)","decl":{"start":{"line":34,"column":35},"end":{"line":34,"column":36}},"loc":{"start":{"line":34,"column":55},"end":{"line":36,"column":3}},"line":34},"7":{"name":"(anonymous_7)","decl":{"start":{"line":37,"column":8},"end":{"line":37,"column":9}},"loc":{"start":{"line":37,"column":21},"end":{"line":37,"column":62}},"line":37},"8":{"name":"(anonymous_8)","decl":{"start":{"line":44,"column":34},"end":{"line":44,"column":35}},"loc":{"start":{"line":44,"column":51},"end":{"line":57,"column":1}},"line":44},"9":{"name":"(anonymous_9)","decl":{"start":{"line":48,"column":7},"end":{"line":48,"column":8}},"loc":{"start":{"line":48,"column":26},"end":{"line":53,"column":12}},"line":48},"10":{"name":"(anonymous_10)","decl":{"start":{"line":49,"column":30},"end":{"line":49,"column":31}},"loc":{"start":{"line":49,"column":45},"end":{"line":53,"column":7}},"line":49},"11":{"name":"(anonymous_11)","decl":{"start":{"line":55,"column":7},"end":{"line":55,"column":8}},"loc":{"start":{"line":55,"column":19},"end":{"line":55,"column":49}},"line":55}},"branchMap":{"0":{"loc":{"start":{"line":35,"column":11},"end":{"line":35,"column":43}},"type":"binary-expr","locations":[{"start":{"line":35,"column":11},"end":{"line":35,"column":19}},{"start":{"line":35,"column":23},"end":{"line":35,"column":43}}],"line":35},"1":{"loc":{"start":{"line":50,"column":8},"end":{"line":52,"column":9}},"type":"if","locations":[{"start":{"line":50,"column":8},"end":{"line":52,"column":9}},{"start":{"line":50,"column":8},"end":{"line":52,"column":9}}],"line":50}},"s":{"0":0,"1":0,"2":0,"3":0,"4":0,"5":0,"6":0,"7":0,"8":0,"9":0,"10":0,"11":0,"12":0,"13":0,"14":0,"15":0,"16":0,"17":0,"18":0},"f":{"0":0,"1":0,"2":0,"3":0,"4":0,"5":0,"6":0,"7":0,"8":0,"9":0,"10":0,"11":0},"b":{"0":[0,0],"1":[0,0]}}
,"C:\\Fedja\\RestaurantKF_v3\\restaurant_v3\\client-app\\actions\\user.actions.js": {"path":"C:\\Fedja\\RestaurantKF_v3\\restaurant_v3\\client-app\\actions\\user.actions.js","statementMap":{"0":{"start":{"line":1,"column":13},"end":{"line":1,"column":75}},"1":{"start":{"line":1,"column":75},"end":{"line":1,"column":107}},"2":{"start":{"line":1,"column":119},"end":{"line":1,"column":157}},"3":{"start":{"line":2,"column":13},"end":{"line":2,"column":48}},"4":{"start":{"line":3,"column":22},"end":{"line":3,"column":56}},"5":{"start":{"line":5,"column":18},"end":{"line":8,"column":22}},"6":{"start":{"line":12,"column":2},"end":{"line":25,"column":4}},"7":{"start":{"line":13,"column":4},"end":{"line":13,"column":46}},"8":{"start":{"line":15,"column":4},"end":{"line":23,"column":7}},"9":{"start":{"line":18,"column":6},"end":{"line":18,"column":34}},"10":{"start":{"line":19,"column":6},"end":{"line":19,"column":40}},"11":{"start":{"line":22,"column":6},"end":{"line":22,"column":31}},"12":{"start":{"line":27,"column":26},"end":{"line":27,"column":89}},"13":{"start":{"line":28,"column":26},"end":{"line":28,"column":89}},"14":{"start":{"line":29,"column":27},"end":{"line":29,"column":92}},"15":{"start":{"line":33,"column":2},"end":{"line":33,"column":30}},"16":{"start":{"line":34,"column":2},"end":{"line":34,"column":46}},"17":{"start":{"line":38,"column":2},"end":{"line":51,"column":4}},"18":{"start":{"line":39,"column":4},"end":{"line":39,"column":28}},"19":{"start":{"line":41,"column":4},"end":{"line":49,"column":7}},"20":{"start":{"line":44,"column":6},"end":{"line":44,"column":26}},"21":{"start":{"line":45,"column":6},"end":{"line":45,"column":45}},"22":{"start":{"line":48,"column":6},"end":{"line":48,"column":31}},"23":{"start":{"line":53,"column":26},"end":{"line":53,"column":92}},"24":{"start":{"line":54,"column":26},"end":{"line":54,"column":92}},"25":{"start":{"line":55,"column":27},"end":{"line":55,"column":95}}},"fnMap":{"0":{"name":"login","decl":{"start":{"line":11,"column":9},"end":{"line":11,"column":14}},"loc":{"start":{"line":11,"column":35},"end":{"line":30,"column":1}},"line":11},"1":{"name":"(anonymous_1)","decl":{"start":{"line":12,"column":9},"end":{"line":12,"column":10}},"loc":{"start":{"line":12,"column":29},"end":{"line":25,"column":3}},"line":12},"2":{"name":"(anonymous_2)","decl":{"start":{"line":17,"column":4},"end":{"line":17,"column":5}},"loc":{"start":{"line":17,"column":24},"end":{"line":20,"column":5}},"line":17},"3":{"name":"(anonymous_3)","decl":{"start":{"line":21,"column":4},"end":{"line":21,"column":5}},"loc":{"start":{"line":21,"column":21},"end":{"line":23,"column":5}},"line":21},"4":{"name":"request","decl":{"start":{"line":27,"column":11},"end":{"line":27,"column":18}},"loc":{"start":{"line":27,"column":25},"end":{"line":27,"column":90}},"line":27},"5":{"name":"success","decl":{"start":{"line":28,"column":11},"end":{"line":28,"column":18}},"loc":{"start":{"line":28,"column":25},"end":{"line":28,"column":90}},"line":28},"6":{"name":"failure","decl":{"start":{"line":29,"column":11},"end":{"line":29,"column":18}},"loc":{"start":{"line":29,"column":26},"end":{"line":29,"column":93}},"line":29},"7":{"name":"logout","decl":{"start":{"line":32,"column":9},"end":{"line":32,"column":15}},"loc":{"start":{"line":32,"column":18},"end":{"line":35,"column":1}},"line":32},"8":{"name":"register","decl":{"start":{"line":37,"column":9},"end":{"line":37,"column":17}},"loc":{"start":{"line":37,"column":24},"end":{"line":56,"column":1}},"line":37},"9":{"name":"(anonymous_9)","decl":{"start":{"line":38,"column":9},"end":{"line":38,"column":10}},"loc":{"start":{"line":38,"column":29},"end":{"line":51,"column":3}},"line":38},"10":{"name":"(anonymous_10)","decl":{"start":{"line":43,"column":4},"end":{"line":43,"column":5}},"loc":{"start":{"line":43,"column":16},"end":{"line":46,"column":5}},"line":43},"11":{"name":"(anonymous_11)","decl":{"start":{"line":47,"column":4},"end":{"line":47,"column":5}},"loc":{"start":{"line":47,"column":21},"end":{"line":49,"column":5}},"line":47},"12":{"name":"request","decl":{"start":{"line":53,"column":11},"end":{"line":53,"column":18}},"loc":{"start":{"line":53,"column":25},"end":{"line":53,"column":93}},"line":53},"13":{"name":"success","decl":{"start":{"line":54,"column":11},"end":{"line":54,"column":18}},"loc":{"start":{"line":54,"column":25},"end":{"line":54,"column":93}},"line":54},"14":{"name":"failure","decl":{"start":{"line":55,"column":11},"end":{"line":55,"column":18}},"loc":{"start":{"line":55,"column":26},"end":{"line":55,"column":96}},"line":55}},"branchMap":{},"s":{"0":0,"1":0,"2":0,"3":0,"4":0,"5":0,"6":0,"7":0,"8":0,"9":0,"10":0,"11":0,"12":0,"13":0,"14":0,"15":0,"16":0,"17":0,"18":0,"19":0,"20":0,"21":0,"22":0,"23":0,"24":0,"25":0},"f":{"0":0,"1":0,"2":0,"3":0,"4":0,"5":0,"6":0,"7":0,"8":0,"9":0,"10":0,"11":0,"12":0,"13":0,"14":0},"b":{}}
,"C:\\Fedja\\RestaurantKF_v3\\restaurant_v3\\client-app\\components\\Footer.js": {"path":"C:\\Fedja\\RestaurantKF_v3\\restaurant_v3\\client-app\\components\\Footer.js","statementMap":{"0":{"start":{"line":1,"column":13},"end":{"line":1,"column":75}},"1":{"start":{"line":1,"column":88},"end":{"line":1,"column":104}},"2":{"start":{"line":1,"column":119},"end":{"line":1,"column":149}},"3":{"start":{"line":1,"column":188},"end":{"line":1,"column":242}},"4":{"start":{"line":3,"column":13},"end":{"line":7,"column":172}},"5":{"start":{"line":3,"column":32},"end":{"line":7,"column":171}},"6":{"start":{"line":7,"column":173},"end":{"line":11,"column":7}}},"fnMap":{"0":{"name":"_interopRequireDefault","decl":{"start":{"line":1,"column":159},"end":{"line":1,"column":181}},"loc":{"start":{"line":1,"column":187},"end":{"line":1,"column":243}},"line":1},"1":{"name":"Footer","decl":{"start":{"line":3,"column":22},"end":{"line":3,"column":28}},"loc":{"start":{"line":3,"column":31},"end":{"line":7,"column":172}},"line":3}},"branchMap":{"0":{"loc":{"start":{"line":1,"column":195},"end":{"line":1,"column":241}},"type":"cond-expr","locations":[{"start":{"line":1,"column":219},"end":{"line":1,"column":222}},{"start":{"line":1,"column":225},"end":{"line":1,"column":241}}],"line":1},"1":{"loc":{"start":{"line":1,"column":195},"end":{"line":1,"column":216}},"type":"binary-expr","locations":[{"start":{"line":1,"column":195},"end":{"line":1,"column":198}},{"start":{"line":1,"column":202},"end":{"line":1,"column":216}}],"line":1}},"s":{"0":0,"1":0,"2":0,"3":0,"4":0,"5":0,"6":0},"f":{"0":0,"1":0},"b":{"0":[0,0],"1":[0,0]}}
,"C:\\Fedja\\RestaurantKF_v3\\restaurant_v3\\client-app\\components\\Header.js": {"path":"C:\\Fedja\\RestaurantKF_v3\\restaurant_v3\\client-app\\components\\Header.js","statementMap":{"0":{"start":{"line":1,"column":13},"end":{"line":1,"column":75}},"1":{"start":{"line":1,"column":94},"end":{"line":1,"column":623}},"2":{"start":{"line":1,"column":149},"end":{"line":1,"column":414}},"3":{"start":{"line":1,"column":206},"end":{"line":1,"column":214}},"4":{"start":{"line":1,"column":215},"end":{"line":1,"column":270}},"5":{"start":{"line":1,"column":270},"end":{"line":1,"column":301}},"6":{"start":{"line":1,"column":301},"end":{"line":1,"column":355}},"7":{"start":{"line":1,"column":328},"end":{"line":1,"column":355}},"8":{"start":{"line":1,"column":355},"end":{"line":1,"column":413}},"9":{"start":{"line":1,"column":415},"end":{"line":1,"column":620}},"10":{"start":{"line":1,"column":471},"end":{"line":1,"column":539}},"11":{"start":{"line":1,"column":487},"end":{"line":1,"column":539}},"12":{"start":{"line":1,"column":539},"end":{"line":1,"column":599}},"13":{"start":{"line":1,"column":556},"end":{"line":1,"column":599}},"14":{"start":{"line":1,"column":599},"end":{"line":1,"column":618}},"15":{"start":{"line":1,"column":637},"end":{"line":1,"column":653}},"16":{"start":{"line":1,"column":668},"end":{"line":1,"column":698}},"17":{"start":{"line":2,"column":22},"end":{"line":2,"column":49}},"18":{"start":{"line":3,"column":18},"end":{"line":3,"column":40}},"19":{"start":{"line":4,"column":18},"end":{"line":4,"column":39}},"20":{"start":{"line":11,"column":12},"end":{"line":11,"column":46}},"21":{"start":{"line":11,"column":85},"end":{"line":11,"column":139}},"22":{"start":{"line":11,"column":189},"end":{"line":11,"column":288}},"23":{"start":{"line":11,"column":230},"end":{"line":11,"column":287}},"24":{"start":{"line":11,"column":338},"end":{"line":11,"column":437}},"25":{"start":{"line":11,"column":350},"end":{"line":11,"column":436}},"26":{"start":{"line":11,"column":437},"end":{"line":11,"column":523}},"27":{"start":{"line":11,"column":566},"end":{"line":11,"column":729}},"28":{"start":{"line":11,"column":628},"end":{"line":11,"column":728}},"29":{"start":{"line":11,"column":729},"end":{"line":11,"column":893}},"30":{"start":{"line":11,"column":893},"end":{"line":11,"column":1011}},"31":{"start":{"line":11,"column":909},"end":{"line":11,"column":1011}},"32":{"start":{"line":13,"column":9},"end":{"line":72,"column":43}},"33":{"start":{"line":13,"column":32},"end":{"line":13,"column":62}},"34":{"start":{"line":14,"column":26},"end":{"line":14,"column":56}},"35":{"start":{"line":14,"column":68},"end":{"line":15,"column":11}},"36":{"start":{"line":17,"column":4},"end":{"line":17,"column":44}},"37":{"start":{"line":17,"column":44},"end":{"line":17,"column":57}},"38":{"start":{"line":21,"column":2},"end":{"line":72,"column":10}},"39":{"start":{"line":22,"column":6},"end":{"line":22,"column":25}},"40":{"start":{"line":23,"column":6},"end":{"line":23,"column":55}},"41":{"start":{"line":27,"column":6},"end":{"line":27,"column":25}},"42":{"start":{"line":28,"column":6},"end":{"line":28,"column":58}},"43":{"start":{"line":32,"column":6},"end":{"line":32,"column":25}},"44":{"start":{"line":33,"column":6},"end":{"line":33,"column":60}},"45":{"start":{"line":37,"column":6},"end":{"line":37,"column":25}},"46":{"start":{"line":38,"column":6},"end":{"line":38,"column":58}},"47":{"start":{"line":43,"column":21},"end":{"line":43,"column":40}},"48":{"start":{"line":44,"column":6},"end":{"line":44,"column":54}},"49":{"start":{"line":48,"column":6},"end":{"line":68,"column":229}},"50":{"start":{"line":72,"column":10},"end":{"line":72,"column":24}},"51":{"start":{"line":76,"column":17},"end":{"line":76,"column":53}},"52":{"start":{"line":77,"column":2},"end":{"line":78,"column":25}},"53":{"start":{"line":80,"column":1},"end":{"line":82,"column":50}}},"fnMap":{"0":{"name":"(anonymous_0)","decl":{"start":{"line":1,"column":94},"end":{"line":1,"column":95}},"loc":{"start":{"line":1,"column":106},"end":{"line":1,"column":621}},"line":1},"1":{"name":"defineProperties","decl":{"start":{"line":1,"column":116},"end":{"line":1,"column":132}},"loc":{"start":{"line":1,"column":148},"end":{"line":1,"column":415}},"line":1},"2":{"name":"(anonymous_2)","decl":{"start":{"line":1,"column":422},"end":{"line":1,"column":423}},"loc":{"start":{"line":1,"column":470},"end":{"line":1,"column":619}},"line":1},"3":{"name":"_interopRequireDefault","decl":{"start":{"line":11,"column":56},"end":{"line":11,"column":78}},"loc":{"start":{"line":11,"column":84},"end":{"line":11,"column":140}},"line":11},"4":{"name":"_classCallCheck","decl":{"start":{"line":11,"column":149},"end":{"line":11,"column":164}},"loc":{"start":{"line":11,"column":188},"end":{"line":11,"column":289}},"line":11},"5":{"name":"_possibleConstructorReturn","decl":{"start":{"line":11,"column":298},"end":{"line":11,"column":324}},"loc":{"start":{"line":11,"column":337},"end":{"line":11,"column":524}},"line":11},"6":{"name":"_inherits","decl":{"start":{"line":11,"column":533},"end":{"line":11,"column":542}},"loc":{"start":{"line":11,"column":565},"end":{"line":11,"column":1012}},"line":11},"7":{"name":"(anonymous_7)","decl":{"start":{"line":13,"column":9},"end":{"line":13,"column":10}},"loc":{"start":{"line":13,"column":31},"end":{"line":72,"column":25}},"line":13},"8":{"name":"Header","decl":{"start":{"line":14,"column":11},"end":{"line":14,"column":17}},"loc":{"start":{"line":14,"column":25},"end":{"line":18,"column":3}},"line":14},"9":{"name":"sidebarToggle","decl":{"start":{"line":21,"column":64},"end":{"line":21,"column":77}},"loc":{"start":{"line":21,"column":81},"end":{"line":24,"column":5}},"line":21},"10":{"name":"sidebarMinimize","decl":{"start":{"line":24,"column":51},"end":{"line":24,"column":66}},"loc":{"start":{"line":26,"column":7},"end":{"line":29,"column":5}},"line":26},"11":{"name":"mobileSidebarToggle","decl":{"start":{"line":29,"column":55},"end":{"line":29,"column":74}},"loc":{"start":{"line":31,"column":7},"end":{"line":34,"column":5}},"line":31},"12":{"name":"asideToggle","decl":{"start":{"line":34,"column":47},"end":{"line":34,"column":58}},"loc":{"start":{"line":36,"column":7},"end":{"line":39,"column":5}},"line":36},"13":{"name":"logout","decl":{"start":{"line":39,"column":42},"end":{"line":39,"column":48}},"loc":{"start":{"line":41,"column":4},"end":{"line":45,"column":5}},"line":41},"14":{"name":"render","decl":{"start":{"line":45,"column":42},"end":{"line":45,"column":48}},"loc":{"start":{"line":47,"column":4},"end":{"line":72,"column":5}},"line":47},"15":{"name":"mapStateToProps","decl":{"start":{"line":75,"column":9},"end":{"line":75,"column":24}},"loc":{"start":{"line":75,"column":32},"end":{"line":80,"column":1}},"line":75}},"branchMap":{"0":{"loc":{"start":{"line":1,"column":239},"end":{"line":1,"column":269}},"type":"binary-expr","locations":[{"start":{"line":1,"column":239},"end":{"line":1,"column":260}},{"start":{"line":1,"column":264},"end":{"line":1,"column":269}}],"line":1},"1":{"loc":{"start":{"line":1,"column":301},"end":{"line":1,"column":355}},"type":"if","locations":[{"start":{"line":1,"column":301},"end":{"line":1,"column":355}},{"start":{"line":1,"column":301},"end":{"line":1,"column":355}}],"line":1},"2":{"loc":{"start":{"line":1,"column":471},"end":{"line":1,"column":539}},"type":"if","locations":[{"start":{"line":1,"column":471},"end":{"line":1,"column":539}},{"start":{"line":1,"column":471},"end":{"line":1,"column":539}}],"line":1},"3":{"loc":{"start":{"line":1,"column":539},"end":{"line":1,"column":599}},"type":"if","locations":[{"start":{"line":1,"column":539},"end":{"line":1,"column":599}},{"start":{"line":1,"column":539},"end":{"line":1,"column":599}}],"line":1},"4":{"loc":{"start":{"line":11,"column":92},"end":{"line":11,"column":138}},"type":"cond-expr","locations":[{"start":{"line":11,"column":116},"end":{"line":11,"column":119}},{"start":{"line":11,"column":122},"end":{"line":11,"column":138}}],"line":11},"5":{"loc":{"start":{"line":11,"column":92},"end":{"line":11,"column":113}},"type":"binary-expr","locations":[{"start":{"line":11,"column":92},"end":{"line":11,"column":95}},{"start":{"line":11,"column":99},"end":{"line":11,"column":113}}],"line":11},"6":{"loc":{"start":{"line":11,"column":189},"end":{"line":11,"column":288}},"type":"if","locations":[{"start":{"line":11,"column":189},"end":{"line":11,"column":288}},{"start":{"line":11,"column":189},"end":{"line":11,"column":288}}],"line":11},"7":{"loc":{"start":{"line":11,"column":338},"end":{"line":11,"column":437}},"type":"if","locations":[{"start":{"line":11,"column":338},"end":{"line":11,"column":437}},{"start":{"line":11,"column":338},"end":{"line":11,"column":437}}],"line":11},"8":{"loc":{"start":{"line":11,"column":444},"end":{"line":11,"column":522}},"type":"cond-expr","locations":[{"start":{"line":11,"column":511},"end":{"line":11,"column":515}},{"start":{"line":11,"column":518},"end":{"line":11,"column":522}}],"line":11},"9":{"loc":{"start":{"line":11,"column":444},"end":{"line":11,"column":508}},"type":"binary-expr","locations":[{"start":{"line":11,"column":444},"end":{"line":11,"column":448}},{"start":{"line":11,"column":453},"end":{"line":11,"column":477}},{"start":{"line":11,"column":481},"end":{"line":11,"column":507}}],"line":11},"10":{"loc":{"start":{"line":11,"column":566},"end":{"line":11,"column":729}},"type":"if","locations":[{"start":{"line":11,"column":566},"end":{"line":11,"column":729}},{"start":{"line":11,"column":566},"end":{"line":11,"column":729}}],"line":11},"11":{"loc":{"start":{"line":11,"column":570},"end":{"line":11,"column":625}},"type":"binary-expr","locations":[{"start":{"line":11,"column":570},"end":{"line":11,"column":602}},{"start":{"line":11,"column":606},"end":{"line":11,"column":625}}],"line":11},"12":{"loc":{"start":{"line":11,"column":764},"end":{"line":11,"column":798}},"type":"binary-expr","locations":[{"start":{"line":11,"column":764},"end":{"line":11,"column":774}},{"start":{"line":11,"column":778},"end":{"line":11,"column":798}}],"line":11},"13":{"loc":{"start":{"line":11,"column":893},"end":{"line":11,"column":1011}},"type":"if","locations":[{"start":{"line":11,"column":893},"end":{"line":11,"column":1011}},{"start":{"line":11,"column":893},"end":{"line":11,"column":1011}}],"line":11},"14":{"loc":{"start":{"line":11,"column":909},"end":{"line":11,"column":1010}},"type":"cond-expr","locations":[{"start":{"line":11,"column":933},"end":{"line":11,"column":976}},{"start":{"line":11,"column":979},"end":{"line":11,"column":1010}}],"line":11},"15":{"loc":{"start":{"line":14,"column":102},"end":{"line":14,"column":151}},"type":"binary-expr","locations":[{"start":{"line":14,"column":102},"end":{"line":14,"column":118}},{"start":{"line":14,"column":122},"end":{"line":14,"column":151}}],"line":14},"16":{"loc":{"start":{"line":51,"column":12},"end":{"line":54,"column":14}},"type":"cond-expr","locations":[{"start":{"line":52,"column":12},"end":{"line":53,"column":113}},{"start":{"line":54,"column":12},"end":{"line":54,"column":14}}],"line":51},"17":{"loc":{"start":{"line":63,"column":12},"end":{"line":65,"column":130}},"type":"cond-expr","locations":[{"start":{"line":64,"column":12},"end":{"line":64,"column":191}},{"start":{"line":65,"column":12},"end":{"line":65,"column":130}}],"line":63},"18":{"loc":{"start":{"line":68,"column":12},"end":{"line":68,"column":225}},"type":"cond-expr","locations":[{"start":{"line":68,"column":35},"end":{"line":68,"column":220}},{"start":{"line":68,"column":223},"end":{"line":68,"column":225}}],"line":68}},"s":{"0":0,"1":0,"2":0,"3":0,"4":0,"5":0,"6":0,"7":0,"8":0,"9":0,"10":0,"11":0,"12":0,"13":0,"14":0,"15":0,"16":0,"17":0,"18":0,"19":0,"20":0,"21":0,"22":0,"23":0,"24":0,"25":0,"26":0,"27":0,"28":0,"29":0,"30":0,"31":0,"32":0,"33":0,"34":0,"35":0,"36":0,"37":0,"38":0,"39":0,"40":0,"41":0,"42":0,"43":0,"44":0,"45":0,"46":0,"47":0,"48":0,"49":0,"50":0,"51":0,"52":0,"53":0},"f":{"0":0,"1":0,"2":0,"3":0,"4":0,"5":0,"6":0,"7":0,"8":0,"9":0,"10":0,"11":0,"12":0,"13":0,"14":0,"15":0},"b":{"0":[0,0],"1":[0,0],"2":[0,0],"3":[0,0],"4":[0,0],"5":[0,0],"6":[0,0],"7":[0,0],"8":[0,0],"9":[0,0,0],"10":[0,0],"11":[0,0],"12":[0,0],"13":[0,0],"14":[0,0],"15":[0,0],"16":[0,0],"17":[0,0],"18":[0,0]}}
,"C:\\Fedja\\RestaurantKF_v3\\restaurant_v3\\client-app\\components\\PrivateRoute.js": {"path":"C:\\Fedja\\RestaurantKF_v3\\restaurant_v3\\client-app\\components\\PrivateRoute.js","statementMap":{"0":{"start":{"line":1,"column":13},"end":{"line":1,"column":75}},"1":{"start":{"line":1,"column":90},"end":{"line":1,"column":321}},"2":{"start":{"line":1,"column":126},"end":{"line":1,"column":306}},"3":{"start":{"line":1,"column":183},"end":{"line":1,"column":195}},"4":{"start":{"line":1,"column":196},"end":{"line":1,"column":305}},"5":{"start":{"line":1,"column":221},"end":{"line":1,"column":304}},"6":{"start":{"line":1,"column":277},"end":{"line":1,"column":303}},"7":{"start":{"line":1,"column":306},"end":{"line":1,"column":320}},"8":{"start":{"line":1,"column":335},"end":{"line":1,"column":351}},"9":{"start":{"line":1,"column":366},"end":{"line":1,"column":396}},"10":{"start":{"line":2,"column":17},"end":{"line":2,"column":38}},"11":{"start":{"line":2,"column":57},"end":{"line":2,"column":91}},"12":{"start":{"line":3,"column":22},"end":{"line":3,"column":49}},"13":{"start":{"line":4,"column":18},"end":{"line":4,"column":40}},"14":{"start":{"line":4,"column":79},"end":{"line":4,"column":133}},"15":{"start":{"line":4,"column":193},"end":{"line":4,"column":195}},"16":{"start":{"line":4,"column":196},"end":{"line":4,"column":331}},"17":{"start":{"line":4,"column":216},"end":{"line":4,"column":251}},"18":{"start":{"line":4,"column":242},"end":{"line":4,"column":251}},"19":{"start":{"line":4,"column":251},"end":{"line":4,"column":311}},"20":{"start":{"line":4,"column":302},"end":{"line":4,"column":311}},"21":{"start":{"line":4,"column":311},"end":{"line":4,"column":330}},"22":{"start":{"line":4,"column":331},"end":{"line":4,"column":345}},"23":{"start":{"line":6,"column":19},"end":{"line":12,"column":140}},"24":{"start":{"line":6,"column":64},"end":{"line":6,"column":78}},"25":{"start":{"line":6,"column":92},"end":{"line":6,"column":107}},"26":{"start":{"line":6,"column":115},"end":{"line":6,"column":174}},"27":{"start":{"line":6,"column":175},"end":{"line":12,"column":139}},"28":{"start":{"line":9,"column":38},"end":{"line":12,"column":132}},"29":{"start":{"line":17,"column":0},"end":{"line":19,"column":51}},"30":{"start":{"line":23,"column":2},"end":{"line":24,"column":55}},"31":{"start":{"line":26,"column":1},"end":{"line":28,"column":56}}},"fnMap":{"0":{"name":"(anonymous_0)","decl":{"start":{"line":1,"column":107},"end":{"line":1,"column":108}},"loc":{"start":{"line":1,"column":125},"end":{"line":1,"column":321}},"line":1},"1":{"name":"_interopRequireDefault","decl":{"start":{"line":4,"column":50},"end":{"line":4,"column":72}},"loc":{"start":{"line":4,"column":78},"end":{"line":4,"column":134}},"line":4},"2":{"name":"_objectWithoutProperties","decl":{"start":{"line":4,"column":143},"end":{"line":4,"column":167}},"loc":{"start":{"line":4,"column":179},"end":{"line":4,"column":346}},"line":4},"3":{"name":"PrivateRoute","decl":{"start":{"line":6,"column":28},"end":{"line":6,"column":40}},"loc":{"start":{"line":6,"column":47},"end":{"line":12,"column":140}},"line":6},"4":{"name":"render","decl":{"start":{"line":9,"column":23},"end":{"line":9,"column":29}},"loc":{"start":{"line":9,"column":37},"end":{"line":12,"column":133}},"line":9},"5":{"name":"mapStateToProps","decl":{"start":{"line":22,"column":9},"end":{"line":22,"column":24}},"loc":{"start":{"line":22,"column":32},"end":{"line":26,"column":1}},"line":22}},"branchMap":{"0":{"loc":{"start":{"line":1,"column":90},"end":{"line":1,"column":321}},"type":"binary-expr","locations":[{"start":{"line":1,"column":90},"end":{"line":1,"column":103}},{"start":{"line":1,"column":107},"end":{"line":1,"column":321}}],"line":1},"1":{"loc":{"start":{"line":1,"column":221},"end":{"line":1,"column":304}},"type":"if","locations":[{"start":{"line":1,"column":221},"end":{"line":1,"column":304}},{"start":{"line":1,"column":221},"end":{"line":1,"column":304}}],"line":1},"2":{"loc":{"start":{"line":4,"column":86},"end":{"line":4,"column":132}},"type":"cond-expr","locations":[{"start":{"line":4,"column":110},"end":{"line":4,"column":113}},{"start":{"line":4,"column":116},"end":{"line":4,"column":132}}],"line":4},"3":{"loc":{"start":{"line":4,"column":86},"end":{"line":4,"column":107}},"type":"binary-expr","locations":[{"start":{"line":4,"column":86},"end":{"line":4,"column":89}},{"start":{"line":4,"column":93},"end":{"line":4,"column":107}}],"line":4},"4":{"loc":{"start":{"line":4,"column":216},"end":{"line":4,"column":251}},"type":"if","locations":[{"start":{"line":4,"column":216},"end":{"line":4,"column":251}},{"start":{"line":4,"column":216},"end":{"line":4,"column":251}}],"line":4},"5":{"loc":{"start":{"line":4,"column":251},"end":{"line":4,"column":311}},"type":"if","locations":[{"start":{"line":4,"column":251},"end":{"line":4,"column":311}},{"start":{"line":4,"column":251},"end":{"line":4,"column":311}}],"line":4},"6":{"loc":{"start":{"line":10,"column":10},"end":{"line":12,"column":130}},"type":"cond-expr","locations":[{"start":{"line":11,"column":10},"end":{"line":11,"column":57}},{"start":{"line":12,"column":10},"end":{"line":12,"column":130}}],"line":10}},"s":{"0":0,"1":0,"2":0,"3":0,"4":0,"5":0,"6":0,"7":0,"8":0,"9":0,"10":0,"11":0,"12":0,"13":0,"14":0,"15":0,"16":0,"17":0,"18":0,"19":0,"20":0,"21":0,"22":0,"23":0,"24":0,"25":0,"26":0,"27":0,"28":0,"29":0,"30":0,"31":0},"f":{"0":0,"1":0,"2":0,"3":0,"4":0,"5":0},"b":{"0":[0,0],"1":[0,0],"2":[0,0],"3":[0,0],"4":[0,0],"5":[0,0],"6":[0,0]}}
,"C:\\Fedja\\RestaurantKF_v3\\restaurant_v3\\client-app\\components\\forms\\input.field.form.group.js": {"path":"C:\\Fedja\\RestaurantKF_v3\\restaurant_v3\\client-app\\components\\forms\\input.field.form.group.js","statementMap":{"0":{"start":{"line":1,"column":13},"end":{"line":1,"column":75}},"1":{"start":{"line":1,"column":75},"end":{"line":1,"column":112}},"2":{"start":{"line":1,"column":127},"end":{"line":1,"column":358}},"3":{"start":{"line":1,"column":163},"end":{"line":1,"column":343}},"4":{"start":{"line":1,"column":220},"end":{"line":1,"column":232}},"5":{"start":{"line":1,"column":233},"end":{"line":1,"column":342}},"6":{"start":{"line":1,"column":258},"end":{"line":1,"column":341}},"7":{"start":{"line":1,"column":314},"end":{"line":1,"column":340}},"8":{"start":{"line":1,"column":343},"end":{"line":1,"column":357}},"9":{"start":{"line":1,"column":372},"end":{"line":1,"column":388}},"10":{"start":{"line":1,"column":403},"end":{"line":1,"column":433}},"11":{"start":{"line":2,"column":18},"end":{"line":2,"column":39}},"12":{"start":{"line":2,"column":78},"end":{"line":2,"column":132}},"13":{"start":{"line":2,"column":192},"end":{"line":2,"column":194}},"14":{"start":{"line":2,"column":195},"end":{"line":2,"column":330}},"15":{"start":{"line":2,"column":215},"end":{"line":2,"column":250}},"16":{"start":{"line":2,"column":241},"end":{"line":2,"column":250}},"17":{"start":{"line":2,"column":250},"end":{"line":2,"column":310}},"18":{"start":{"line":2,"column":301},"end":{"line":2,"column":310}},"19":{"start":{"line":2,"column":310},"end":{"line":2,"column":329}},"20":{"start":{"line":2,"column":330},"end":{"line":2,"column":344}},"21":{"start":{"line":9,"column":23},"end":{"line":13,"column":103}},"22":{"start":{"line":9,"column":68},"end":{"line":9,"column":78}},"23":{"start":{"line":9,"column":87},"end":{"line":9,"column":97}},"24":{"start":{"line":9,"column":105},"end":{"line":9,"column":114}},"25":{"start":{"line":9,"column":128},"end":{"line":9,"column":143}},"26":{"start":{"line":9,"column":156},"end":{"line":9,"column":165}},"27":{"start":{"line":9,"column":176},"end":{"line":9,"column":193}},"28":{"start":{"line":9,"column":202},"end":{"line":9,"column":217}},"29":{"start":{"line":9,"column":228},"end":{"line":9,"column":245}},"30":{"start":{"line":9,"column":254},"end":{"line":9,"column":334}},"31":{"start":{"line":9,"column":335},"end":{"line":13,"column":102}},"32":{"start":{"line":13,"column":104},"end":{"line":13,"column":148}}},"fnMap":{"0":{"name":"(anonymous_0)","decl":{"start":{"line":1,"column":144},"end":{"line":1,"column":145}},"loc":{"start":{"line":1,"column":162},"end":{"line":1,"column":358}},"line":1},"1":{"name":"_interopRequireDefault","decl":{"start":{"line":2,"column":49},"end":{"line":2,"column":71}},"loc":{"start":{"line":2,"column":77},"end":{"line":2,"column":133}},"line":2},"2":{"name":"_objectWithoutProperties","decl":{"start":{"line":2,"column":142},"end":{"line":2,"column":166}},"loc":{"start":{"line":2,"column":178},"end":{"line":2,"column":345}},"line":2},"3":{"name":"renderInputField","decl":{"start":{"line":9,"column":32},"end":{"line":9,"column":48}},"loc":{"start":{"line":9,"column":55},"end":{"line":13,"column":103}},"line":9}},"branchMap":{"0":{"loc":{"start":{"line":1,"column":127},"end":{"line":1,"column":358}},"type":"binary-expr","locations":[{"start":{"line":1,"column":127},"end":{"line":1,"column":140}},{"start":{"line":1,"column":144},"end":{"line":1,"column":358}}],"line":1},"1":{"loc":{"start":{"line":1,"column":258},"end":{"line":1,"column":341}},"type":"if","locations":[{"start":{"line":1,"column":258},"end":{"line":1,"column":341}},{"start":{"line":1,"column":258},"end":{"line":1,"column":341}}],"line":1},"2":{"loc":{"start":{"line":2,"column":85},"end":{"line":2,"column":131}},"type":"cond-expr","locations":[{"start":{"line":2,"column":109},"end":{"line":2,"column":112}},{"start":{"line":2,"column":115},"end":{"line":2,"column":131}}],"line":2},"3":{"loc":{"start":{"line":2,"column":85},"end":{"line":2,"column":106}},"type":"binary-expr","locations":[{"start":{"line":2,"column":85},"end":{"line":2,"column":88}},{"start":{"line":2,"column":92},"end":{"line":2,"column":106}}],"line":2},"4":{"loc":{"start":{"line":2,"column":215},"end":{"line":2,"column":250}},"type":"if","locations":[{"start":{"line":2,"column":215},"end":{"line":2,"column":250}},{"start":{"line":2,"column":215},"end":{"line":2,"column":250}}],"line":2},"5":{"loc":{"start":{"line":2,"column":250},"end":{"line":2,"column":310}},"type":"if","locations":[{"start":{"line":2,"column":250},"end":{"line":2,"column":310}},{"start":{"line":2,"column":250},"end":{"line":2,"column":310}}],"line":2},"6":{"loc":{"start":{"line":13,"column":6},"end":{"line":13,"column":99}},"type":"binary-expr","locations":[{"start":{"line":13,"column":6},"end":{"line":13,"column":13}},{"start":{"line":13,"column":17},"end":{"line":13,"column":22}},{"start":{"line":13,"column":26},"end":{"line":13,"column":99}}],"line":13}},"s":{"0":0,"1":0,"2":0,"3":0,"4":0,"5":0,"6":0,"7":0,"8":0,"9":0,"10":0,"11":0,"12":0,"13":0,"14":0,"15":0,"16":0,"17":0,"18":0,"19":0,"20":0,"21":0,"22":0,"23":0,"24":0,"25":0,"26":0,"27":0,"28":0,"29":0,"30":0,"31":0,"32":0},"f":{"0":0,"1":0,"2":0,"3":0},"b":{"0":[0,0],"1":[0,0],"2":[0,0],"3":[0,0],"4":[0,0],"5":[0,0],"6":[0,0,0]}}
,"C:\\Fedja\\RestaurantKF_v3\\restaurant_v3\\client-app\\components\\forms\\validators\\field.required.js": {"path":"C:\\Fedja\\RestaurantKF_v3\\restaurant_v3\\client-app\\components\\forms\\validators\\field.required.js","statementMap":{"0":{"start":{"line":1,"column":13},"end":{"line":1,"column":75}},"1":{"start":{"line":1,"column":90},"end":{"line":5,"column":1}},"2":{"start":{"line":2,"column":2},"end":{"line":4,"column":3}},"3":{"start":{"line":3,"column":4},"end":{"line":3,"column":37}}},"fnMap":{"0":{"name":"required","decl":{"start":{"line":1,"column":118},"end":{"line":1,"column":126}},"loc":{"start":{"line":1,"column":134},"end":{"line":5,"column":1}},"line":1}},"branchMap":{"0":{"loc":{"start":{"line":2,"column":2},"end":{"line":4,"column":3}},"type":"if","locations":[{"start":{"line":2,"column":2},"end":{"line":4,"column":3}},{"start":{"line":2,"column":2},"end":{"line":4,"column":3}}],"line":2}},"s":{"0":0,"1":0,"2":0,"3":0},"f":{"0":0},"b":{"0":[0,0]}}
,"C:\\Fedja\\RestaurantKF_v3\\restaurant_v3\\client-app\\components\\forms\\validators\\login.validation.js": {"path":"C:\\Fedja\\RestaurantKF_v3\\restaurant_v3\\client-app\\components\\forms\\validators\\login.validation.js","statementMap":{"0":{"start":{"line":1,"column":13},"end":{"line":1,"column":75}},"1":{"start":{"line":1,"column":90},"end":{"line":16,"column":1}},"2":{"start":{"line":2,"column":15},"end":{"line":2,"column":17}},"3":{"start":{"line":3,"column":2},"end":{"line":5,"column":3}},"4":{"start":{"line":4,"column":4},"end":{"line":4,"column":48}},"5":{"start":{"line":6,"column":2},"end":{"line":8,"column":3}},"6":{"start":{"line":7,"column":4},"end":{"line":7,"column":48}},"7":{"start":{"line":9,"column":2},"end":{"line":11,"column":3}},"8":{"start":{"line":10,"column":4},"end":{"line":10,"column":53}},"9":{"start":{"line":12,"column":2},"end":{"line":14,"column":3}},"10":{"start":{"line":13,"column":4},"end":{"line":13,"column":53}},"11":{"start":{"line":15,"column":2},"end":{"line":15,"column":16}}},"fnMap":{"0":{"name":"validate","decl":{"start":{"line":1,"column":118},"end":{"line":1,"column":126}},"loc":{"start":{"line":1,"column":135},"end":{"line":16,"column":1}},"line":1}},"branchMap":{"0":{"loc":{"start":{"line":3,"column":2},"end":{"line":5,"column":3}},"type":"if","locations":[{"start":{"line":3,"column":2},"end":{"line":5,"column":3}},{"start":{"line":3,"column":2},"end":{"line":5,"column":3}}],"line":3},"1":{"loc":{"start":{"line":6,"column":2},"end":{"line":8,"column":3}},"type":"if","locations":[{"start":{"line":6,"column":2},"end":{"line":8,"column":3}},{"start":{"line":6,"column":2},"end":{"line":8,"column":3}}],"line":6},"2":{"loc":{"start":{"line":9,"column":2},"end":{"line":11,"column":3}},"type":"if","locations":[{"start":{"line":9,"column":2},"end":{"line":11,"column":3}},{"start":{"line":9,"column":2},"end":{"line":11,"column":3}}],"line":9},"3":{"loc":{"start":{"line":9,"column":6},"end":{"line":9,"column":51}},"type":"binary-expr","locations":[{"start":{"line":9,"column":6},"end":{"line":9,"column":21}},{"start":{"line":9,"column":25},"end":{"line":9,"column":51}}],"line":9},"4":{"loc":{"start":{"line":12,"column":2},"end":{"line":14,"column":3}},"type":"if","locations":[{"start":{"line":12,"column":2},"end":{"line":14,"column":3}},{"start":{"line":12,"column":2},"end":{"line":14,"column":3}}],"line":12},"5":{"loc":{"start":{"line":12,"column":6},"end":{"line":12,"column":51}},"type":"binary-expr","locations":[{"start":{"line":12,"column":6},"end":{"line":12,"column":21}},{"start":{"line":12,"column":25},"end":{"line":12,"column":51}}],"line":12}},"s":{"0":0,"1":0,"2":0,"3":0,"4":0,"5":0,"6":0,"7":0,"8":0,"9":0,"10":0,"11":0},"f":{"0":0},"b":{"0":[0,0],"1":[0,0],"2":[0,0],"3":[0,0],"4":[0,0],"5":[0,0]}}
,"C:\\Fedja\\RestaurantKF_v3\\restaurant_v3\\client-app\\components\\forms\\validators\\register.validation.js": {"path":"C:\\Fedja\\RestaurantKF_v3\\restaurant_v3\\client-app\\components\\forms\\validators\\register.validation.js","statementMap":{"0":{"start":{"line":1,"column":13},"end":{"line":1,"column":75}},"1":{"start":{"line":1,"column":90},"end":{"line":16,"column":1}},"2":{"start":{"line":2,"column":15},"end":{"line":2,"column":17}},"3":{"start":{"line":3,"column":2},"end":{"line":5,"column":3}},"4":{"start":{"line":4,"column":4},"end":{"line":4,"column":48}},"5":{"start":{"line":6,"column":2},"end":{"line":8,"column":3}},"6":{"start":{"line":7,"column":4},"end":{"line":7,"column":48}},"7":{"start":{"line":9,"column":2},"end":{"line":11,"column":3}},"8":{"start":{"line":10,"column":4},"end":{"line":10,"column":53}},"9":{"start":{"line":12,"column":2},"end":{"line":14,"column":3}},"10":{"start":{"line":13,"column":4},"end":{"line":13,"column":53}},"11":{"start":{"line":15,"column":2},"end":{"line":15,"column":16}}},"fnMap":{"0":{"name":"validate","decl":{"start":{"line":1,"column":118},"end":{"line":1,"column":126}},"loc":{"start":{"line":1,"column":135},"end":{"line":16,"column":1}},"line":1}},"branchMap":{"0":{"loc":{"start":{"line":3,"column":2},"end":{"line":5,"column":3}},"type":"if","locations":[{"start":{"line":3,"column":2},"end":{"line":5,"column":3}},{"start":{"line":3,"column":2},"end":{"line":5,"column":3}}],"line":3},"1":{"loc":{"start":{"line":6,"column":2},"end":{"line":8,"column":3}},"type":"if","locations":[{"start":{"line":6,"column":2},"end":{"line":8,"column":3}},{"start":{"line":6,"column":2},"end":{"line":8,"column":3}}],"line":6},"2":{"loc":{"start":{"line":9,"column":2},"end":{"line":11,"column":3}},"type":"if","locations":[{"start":{"line":9,"column":2},"end":{"line":11,"column":3}},{"start":{"line":9,"column":2},"end":{"line":11,"column":3}}],"line":9},"3":{"loc":{"start":{"line":9,"column":6},"end":{"line":9,"column":51}},"type":"binary-expr","locations":[{"start":{"line":9,"column":6},"end":{"line":9,"column":21}},{"start":{"line":9,"column":25},"end":{"line":9,"column":51}}],"line":9},"4":{"loc":{"start":{"line":12,"column":2},"end":{"line":14,"column":3}},"type":"if","locations":[{"start":{"line":12,"column":2},"end":{"line":14,"column":3}},{"start":{"line":12,"column":2},"end":{"line":14,"column":3}}],"line":12},"5":{"loc":{"start":{"line":12,"column":6},"end":{"line":12,"column":51}},"type":"binary-expr","locations":[{"start":{"line":12,"column":6},"end":{"line":12,"column":21}},{"start":{"line":12,"column":25},"end":{"line":12,"column":51}}],"line":12}},"s":{"0":0,"1":0,"2":0,"3":0,"4":0,"5":0,"6":0,"7":0,"8":0,"9":0,"10":0,"11":0},"f":{"0":0},"b":{"0":[0,0],"1":[0,0],"2":[0,0],"3":[0,0],"4":[0,0],"5":[0,0]}}
,"C:\\Fedja\\RestaurantKF_v3\\restaurant_v3\\client-app\\config\\config.dev.js": {"path":"C:\\Fedja\\RestaurantKF_v3\\restaurant_v3\\client-app\\config\\config.dev.js","statementMap":{"0":{"start":{"line":1,"column":13},"end":{"line":1,"column":75}},"1":{"start":{"line":1,"column":88},"end":{"line":2,"column":40}}},"fnMap":{},"branchMap":{},"s":{"0":0,"1":0},"f":{},"b":{}}
,"C:\\Fedja\\RestaurantKF_v3\\restaurant_v3\\client-app\\constants\\user.constants.js": {"path":"C:\\Fedja\\RestaurantKF_v3\\restaurant_v3\\client-app\\constants\\user.constants.js","statementMap":{"0":{"start":{"line":1,"column":13},"end":{"line":1,"column":75}},"1":{"start":{"line":1,"column":95},"end":{"line":10,"column":26}}},"fnMap":{},"branchMap":{},"s":{"0":0,"1":0},"f":{},"b":{}}
,"C:\\Fedja\\RestaurantKF_v3\\restaurant_v3\\client-app\\containers\\AboutPage.js": {"path":"C:\\Fedja\\RestaurantKF_v3\\restaurant_v3\\client-app\\containers\\AboutPage.js","statementMap":{"0":{"start":{"line":5,"column":18},"end":{"line":13,"column":3}},"1":{"start":{"line":7,"column":4},"end":{"line":12,"column":10}}},"fnMap":{"0":{"name":"(anonymous_0)","decl":{"start":{"line":5,"column":18},"end":{"line":5,"column":19}},"loc":{"start":{"line":7,"column":4},"end":{"line":12,"column":10}},"line":7}},"branchMap":{},"s":{"0":1,"1":2},"f":{"0":2},"b":{},"_coverageSchema":"332fd63041d2c1bcb487cc26dd0d5f7d97098a6c","hash":"26e745304965480bd0ba4a109f23a86277206200"}
,"C:\\Fedja\\RestaurantKF_v3\\restaurant_v3\\client-app\\containers\\App.js": {"path":"C:\\Fedja\\RestaurantKF_v3\\restaurant_v3\\client-app\\containers\\App.js","statementMap":{"0":{"start":{"line":1,"column":13},"end":{"line":1,"column":75}},"1":{"start":{"line":1,"column":88},"end":{"line":1,"column":104}},"2":{"start":{"line":1,"column":119},"end":{"line":1,"column":149}},"3":{"start":{"line":2,"column":17},"end":{"line":2,"column":38}},"4":{"start":{"line":2,"column":57},"end":{"line":2,"column":91}},"5":{"start":{"line":3,"column":22},"end":{"line":3,"column":49}},"6":{"start":{"line":4,"column":18},"end":{"line":4,"column":39}},"7":{"start":{"line":5,"column":20},"end":{"line":5,"column":57}},"8":{"start":{"line":5,"column":79},"end":{"line":5,"column":116}},"9":{"start":{"line":6,"column":14},"end":{"line":6,"column":45}},"10":{"start":{"line":6,"column":61},"end":{"line":6,"column":92}},"11":{"start":{"line":7,"column":14},"end":{"line":7,"column":45}},"12":{"start":{"line":7,"column":61},"end":{"line":7,"column":92}},"13":{"start":{"line":8,"column":16},"end":{"line":8,"column":37}},"14":{"start":{"line":8,"column":55},"end":{"line":8,"column":88}},"15":{"start":{"line":9,"column":21},"end":{"line":9,"column":47}},"16":{"start":{"line":9,"column":70},"end":{"line":9,"column":108}},"17":{"start":{"line":10,"column":17},"end":{"line":10,"column":39}},"18":{"start":{"line":10,"column":58},"end":{"line":10,"column":92}},"19":{"start":{"line":11,"column":20},"end":{"line":11,"column":45}},"20":{"start":{"line":11,"column":67},"end":{"line":11,"column":104}},"21":{"start":{"line":12,"column":17},"end":{"line":12,"column":39}},"22":{"start":{"line":12,"column":58},"end":{"line":12,"column":92}},"23":{"start":{"line":13,"column":20},"end":{"line":13,"column":45}},"24":{"start":{"line":13,"column":67},"end":{"line":13,"column":104}},"25":{"start":{"line":13,"column":143},"end":{"line":13,"column":197}},"26":{"start":{"line":20,"column":2},"end":{"line":37,"column":62}},"27":{"start":{"line":42,"column":0},"end":{"line":42,"column":58}},"28":{"start":{"line":42,"column":58},"end":{"line":44,"column":4}}},"fnMap":{"0":{"name":"_interopRequireDefault","decl":{"start":{"line":13,"column":114},"end":{"line":13,"column":136}},"loc":{"start":{"line":13,"column":142},"end":{"line":13,"column":198}},"line":13},"1":{"name":"App","decl":{"start":{"line":19,"column":9},"end":{"line":19,"column":12}},"loc":{"start":{"line":19,"column":15},"end":{"line":40,"column":1}},"line":19}},"branchMap":{"0":{"loc":{"start":{"line":13,"column":150},"end":{"line":13,"column":196}},"type":"cond-expr","locations":[{"start":{"line":13,"column":174},"end":{"line":13,"column":177}},{"start":{"line":13,"column":180},"end":{"line":13,"column":196}}],"line":13},"1":{"loc":{"start":{"line":13,"column":150},"end":{"line":13,"column":171}},"type":"binary-expr","locations":[{"start":{"line":13,"column":150},"end":{"line":13,"column":153}},{"start":{"line":13,"column":157},"end":{"line":13,"column":171}}],"line":13}},"s":{"0":0,"1":0,"2":0,"3":0,"4":0,"5":0,"6":0,"7":0,"8":0,"9":0,"10":0,"11":0,"12":0,"13":0,"14":0,"15":0,"16":0,"17":0,"18":0,"19":0,"20":0,"21":0,"22":0,"23":0,"24":0,"25":0,"26":0,"27":0,"28":0},"f":{"0":0,"1":0},"b":{"0":[0,0],"1":[0,0]}}
,"C:\\Fedja\\RestaurantKF_v3\\restaurant_v3\\client-app\\containers\\ContactUsPage.js": {"path":"C:\\Fedja\\RestaurantKF_v3\\restaurant_v3\\client-app\\containers\\ContactUsPage.js","statementMap":{"0":{"start":{"line":1,"column":13},"end":{"line":1,"column":75}},"1":{"start":{"line":1,"column":88},"end":{"line":1,"column":104}},"2":{"start":{"line":1,"column":119},"end":{"line":1,"column":149}},"3":{"start":{"line":2,"column":22},"end":{"line":2,"column":49}},"4":{"start":{"line":2,"column":88},"end":{"line":2,"column":142}},"5":{"start":{"line":5,"column":20},"end":{"line":13,"column":132}},"6":{"start":{"line":5,"column":46},"end":{"line":13,"column":131}},"7":{"start":{"line":13,"column":133},"end":{"line":18,"column":14}}},"fnMap":{"0":{"name":"_interopRequireDefault","decl":{"start":{"line":2,"column":59},"end":{"line":2,"column":81}},"loc":{"start":{"line":2,"column":87},"end":{"line":2,"column":143}},"line":2},"1":{"name":"ContactUsPage","decl":{"start":{"line":5,"column":29},"end":{"line":5,"column":42}},"loc":{"start":{"line":5,"column":45},"end":{"line":13,"column":132}},"line":5}},"branchMap":{"0":{"loc":{"start":{"line":2,"column":95},"end":{"line":2,"column":141}},"type":"cond-expr","locations":[{"start":{"line":2,"column":119},"end":{"line":2,"column":122}},{"start":{"line":2,"column":125},"end":{"line":2,"column":141}}],"line":2},"1":{"loc":{"start":{"line":2,"column":95},"end":{"line":2,"column":116}},"type":"binary-expr","locations":[{"start":{"line":2,"column":95},"end":{"line":2,"column":98}},{"start":{"line":2,"column":102},"end":{"line":2,"column":116}}],"line":2}},"s":{"0":0,"1":0,"2":0,"3":0,"4":0,"5":0,"6":0,"7":0},"f":{"0":0,"1":0},"b":{"0":[0,0],"1":[0,0]}}
,"C:\\Fedja\\RestaurantKF_v3\\restaurant_v3\\client-app\\containers\\HomePage.js": {"path":"C:\\Fedja\\RestaurantKF_v3\\restaurant_v3\\client-app\\containers\\HomePage.js","statementMap":{"0":{"start":{"line":1,"column":13},"end":{"line":1,"column":75}},"1":{"start":{"line":1,"column":88},"end":{"line":1,"column":104}},"2":{"start":{"line":1,"column":119},"end":{"line":1,"column":149}},"3":{"start":{"line":2,"column":20},"end":{"line":2,"column":46}},"4":{"start":{"line":3,"column":18},"end":{"line":3,"column":39}},"5":{"start":{"line":3,"column":78},"end":{"line":3,"column":132}},"6":{"start":{"line":11,"column":20},"end":{"line":15,"column":56}},"7":{"start":{"line":18,"column":24},"end":{"line":34,"column":1}},"8":{"start":{"line":19,"column":16},"end":{"line":19,"column":40}},"9":{"start":{"line":20,"column":13},"end":{"line":29,"column":31}},"10":{"start":{"line":33,"column":2},"end":{"line":33,"column":36}},"11":{"start":{"line":33,"column":22},"end":{"line":33,"column":34}},"12":{"start":{"line":36,"column":22},"end":{"line":55,"column":31}},"13":{"start":{"line":61,"column":15},"end":{"line":135,"column":79}},"14":{"start":{"line":61,"column":36},"end":{"line":135,"column":78}},"15":{"start":{"line":135,"column":80},"end":{"line":144,"column":9}}},"fnMap":{"0":{"name":"_interopRequireDefault","decl":{"start":{"line":3,"column":49},"end":{"line":3,"column":71}},"loc":{"start":{"line":3,"column":77},"end":{"line":3,"column":133}},"line":3},"1":{"name":"makeSocialBoxData","decl":{"start":{"line":18,"column":33},"end":{"line":18,"column":50}},"loc":{"start":{"line":18,"column":62},"end":{"line":34,"column":1}},"line":18},"2":{"name":"(anonymous_2)","decl":{"start":{"line":33,"column":9},"end":{"line":33,"column":10}},"loc":{"start":{"line":33,"column":21},"end":{"line":33,"column":35}},"line":33},"3":{"name":"HomePage","decl":{"start":{"line":61,"column":24},"end":{"line":61,"column":32}},"loc":{"start":{"line":61,"column":35},"end":{"line":135,"column":79}},"line":61}},"branchMap":{"0":{"loc":{"start":{"line":3,"column":85},"end":{"line":3,"column":131}},"type":"cond-expr","locations":[{"start":{"line":3,"column":109},"end":{"line":3,"column":112}},{"start":{"line":3,"column":115},"end":{"line":3,"column":131}}],"line":3},"1":{"loc":{"start":{"line":3,"column":85},"end":{"line":3,"column":106}},"type":"binary-expr","locations":[{"start":{"line":3,"column":85},"end":{"line":3,"column":88}},{"start":{"line":3,"column":92},"end":{"line":3,"column":106}}],"line":3}},"s":{"0":0,"1":0,"2":0,"3":0,"4":0,"5":0,"6":0,"7":0,"8":0,"9":0,"10":0,"11":0,"12":0,"13":0,"14":0,"15":0},"f":{"0":0,"1":0,"2":0,"3":0},"b":{"0":[0,0],"1":[0,0]}}
,"C:\\Fedja\\RestaurantKF_v3\\restaurant_v3\\client-app\\containers\\LoginPage.js": {"path":"C:\\Fedja\\RestaurantKF_v3\\restaurant_v3\\client-app\\containers\\LoginPage.js","statementMap":{"0":{"start":{"line":1,"column":13},"end":{"line":1,"column":75}},"1":{"start":{"line":1,"column":94},"end":{"line":1,"column":623}},"2":{"start":{"line":1,"column":149},"end":{"line":1,"column":414}},"3":{"start":{"line":1,"column":206},"end":{"line":1,"column":214}},"4":{"start":{"line":1,"column":215},"end":{"line":1,"column":270}},"5":{"start":{"line":1,"column":270},"end":{"line":1,"column":301}},"6":{"start":{"line":1,"column":301},"end":{"line":1,"column":355}},"7":{"start":{"line":1,"column":328},"end":{"line":1,"column":355}},"8":{"start":{"line":1,"column":355},"end":{"line":1,"column":413}},"9":{"start":{"line":1,"column":415},"end":{"line":1,"column":620}},"10":{"start":{"line":1,"column":471},"end":{"line":1,"column":539}},"11":{"start":{"line":1,"column":487},"end":{"line":1,"column":539}},"12":{"start":{"line":1,"column":539},"end":{"line":1,"column":599}},"13":{"start":{"line":1,"column":556},"end":{"line":1,"column":599}},"14":{"start":{"line":1,"column":599},"end":{"line":1,"column":618}},"15":{"start":{"line":1,"column":637},"end":{"line":1,"column":653}},"16":{"start":{"line":1,"column":668},"end":{"line":1,"column":698}},"17":{"start":{"line":2,"column":22},"end":{"line":2,"column":49}},"18":{"start":{"line":3,"column":18},"end":{"line":3,"column":40}},"19":{"start":{"line":4,"column":17},"end":{"line":4,"column":38}},"20":{"start":{"line":5,"column":18},"end":{"line":5,"column":39}},"21":{"start":{"line":16,"column":12},"end":{"line":16,"column":46}},"22":{"start":{"line":17,"column":13},"end":{"line":17,"column":71}},"23":{"start":{"line":18,"column":22},"end":{"line":18,"column":75}},"24":{"start":{"line":18,"column":114},"end":{"line":18,"column":168}},"25":{"start":{"line":18,"column":212},"end":{"line":18,"column":359}},"26":{"start":{"line":18,"column":229},"end":{"line":18,"column":333}},"27":{"start":{"line":18,"column":341},"end":{"line":18,"column":358}},"28":{"start":{"line":18,"column":359},"end":{"line":18,"column":370}},"29":{"start":{"line":18,"column":420},"end":{"line":18,"column":519}},"30":{"start":{"line":18,"column":461},"end":{"line":18,"column":518}},"31":{"start":{"line":18,"column":569},"end":{"line":18,"column":668}},"32":{"start":{"line":18,"column":581},"end":{"line":18,"column":667}},"33":{"start":{"line":18,"column":668},"end":{"line":18,"column":754}},"34":{"start":{"line":18,"column":797},"end":{"line":18,"column":960}},"35":{"start":{"line":18,"column":859},"end":{"line":18,"column":959}},"36":{"start":{"line":18,"column":960},"end":{"line":18,"column":1124}},"37":{"start":{"line":18,"column":1124},"end":{"line":18,"column":1242}},"38":{"start":{"line":18,"column":1140},"end":{"line":18,"column":1242}},"39":{"start":{"line":21,"column":12},"end":{"line":88,"column":55}},"40":{"start":{"line":21,"column":41},"end":{"line":21,"column":80}},"41":{"start":{"line":22,"column":29},"end":{"line":22,"column":62}},"42":{"start":{"line":27,"column":16},"end":{"line":27,"column":125}},"43":{"start":{"line":28,"column":4},"end":{"line":30,"column":21}},"44":{"start":{"line":33,"column":4},"end":{"line":33,"column":56}},"45":{"start":{"line":34,"column":4},"end":{"line":34,"column":56}},"46":{"start":{"line":34,"column":56},"end":{"line":34,"column":69}},"47":{"start":{"line":35,"column":3},"end":{"line":88,"column":10}},"48":{"start":{"line":38,"column":6},"end":{"line":38,"column":14}},"49":{"start":{"line":38,"column":22},"end":{"line":38,"column":36}},"50":{"start":{"line":38,"column":45},"end":{"line":38,"column":60}},"51":{"start":{"line":39,"column":6},"end":{"line":39,"column":54}},"52":{"start":{"line":43,"column":6},"end":{"line":43,"column":25}},"53":{"start":{"line":45,"column":6},"end":{"line":45,"column":16}},"54":{"start":{"line":45,"column":28},"end":{"line":45,"column":43}},"55":{"start":{"line":45,"column":55},"end":{"line":45,"column":70}},"56":{"start":{"line":46,"column":6},"end":{"line":46,"column":16}},"57":{"start":{"line":46,"column":28},"end":{"line":46,"column":43}},"58":{"start":{"line":46,"column":52},"end":{"line":46,"column":64}},"59":{"start":{"line":47,"column":6},"end":{"line":49,"column":7}},"60":{"start":{"line":48,"column":8},"end":{"line":48,"column":62}},"61":{"start":{"line":53,"column":6},"end":{"line":55,"column":7}},"62":{"start":{"line":54,"column":8},"end":{"line":54,"column":190}},"63":{"start":{"line":60,"column":6},"end":{"line":60,"column":16}},"64":{"start":{"line":60,"column":29},"end":{"line":60,"column":46}},"65":{"start":{"line":60,"column":58},"end":{"line":60,"column":74}},"66":{"start":{"line":61,"column":20},"end":{"line":61,"column":30}},"67":{"start":{"line":61,"column":42},"end":{"line":61,"column":58}},"68":{"start":{"line":61,"column":70},"end":{"line":61,"column":86}},"69":{"start":{"line":63,"column":6},"end":{"line":81,"column":136}},"70":{"start":{"line":88,"column":10},"end":{"line":88,"column":27}},"71":{"start":{"line":92,"column":18},"end":{"line":92,"column":55}},"72":{"start":{"line":93,"column":21},"end":{"line":93,"column":54}},"73":{"start":{"line":94,"column":2},"end":{"line":96,"column":33}},"74":{"start":{"line":100,"column":24},"end":{"line":102,"column":29}},"75":{"start":{"line":102,"column":30},"end":{"line":105,"column":99}}},"fnMap":{"0":{"name":"(anonymous_0)","decl":{"start":{"line":1,"column":94},"end":{"line":1,"column":95}},"loc":{"start":{"line":1,"column":106},"end":{"line":1,"column":621}},"line":1},"1":{"name":"defineProperties","decl":{"start":{"line":1,"column":116},"end":{"line":1,"column":132}},"loc":{"start":{"line":1,"column":148},"end":{"line":1,"column":415}},"line":1},"2":{"name":"(anonymous_2)","decl":{"start":{"line":1,"column":422},"end":{"line":1,"column":423}},"loc":{"start":{"line":1,"column":470},"end":{"line":1,"column":619}},"line":1},"3":{"name":"_interopRequireDefault","decl":{"start":{"line":18,"column":85},"end":{"line":18,"column":107}},"loc":{"start":{"line":18,"column":113},"end":{"line":18,"column":169}},"line":18},"4":{"name":"_defineProperty","decl":{"start":{"line":18,"column":178},"end":{"line":18,"column":193}},"loc":{"start":{"line":18,"column":211},"end":{"line":18,"column":371}},"line":18},"5":{"name":"_classCallCheck","decl":{"start":{"line":18,"column":380},"end":{"line":18,"column":395}},"loc":{"start":{"line":18,"column":419},"end":{"line":18,"column":520}},"line":18},"6":{"name":"_possibleConstructorReturn","decl":{"start":{"line":18,"column":529},"end":{"line":18,"column":555}},"loc":{"start":{"line":18,"column":568},"end":{"line":18,"column":755}},"line":18},"7":{"name":"_inherits","decl":{"start":{"line":18,"column":764},"end":{"line":18,"column":773}},"loc":{"start":{"line":18,"column":796},"end":{"line":18,"column":1243}},"line":18},"8":{"name":"(anonymous_8)","decl":{"start":{"line":21,"column":12},"end":{"line":21,"column":13}},"loc":{"start":{"line":21,"column":40},"end":{"line":88,"column":28}},"line":21},"9":{"name":"LoginPage","decl":{"start":{"line":22,"column":11},"end":{"line":22,"column":20}},"loc":{"start":{"line":22,"column":28},"end":{"line":35,"column":3}},"line":22},"10":{"name":"handleChange","decl":{"start":{"line":35,"column":67},"end":{"line":35,"column":79}},"loc":{"start":{"line":37,"column":7},"end":{"line":40,"column":5}},"line":37},"11":{"name":"handleSubmit","decl":{"start":{"line":40,"column":48},"end":{"line":40,"column":60}},"loc":{"start":{"line":42,"column":7},"end":{"line":50,"column":5}},"line":42},"12":{"name":"renderAlert","decl":{"start":{"line":50,"column":47},"end":{"line":50,"column":58}},"loc":{"start":{"line":52,"column":4},"end":{"line":56,"column":5}},"line":52},"13":{"name":"render","decl":{"start":{"line":59,"column":38},"end":{"line":59,"column":44}},"loc":{"start":{"line":59,"column":47},"end":{"line":88,"column":5}},"line":59},"14":{"name":"mapStateToProps","decl":{"start":{"line":91,"column":9},"end":{"line":91,"column":24}},"loc":{"start":{"line":91,"column":32},"end":{"line":98,"column":1}},"line":91}},"branchMap":{"0":{"loc":{"start":{"line":1,"column":239},"end":{"line":1,"column":269}},"type":"binary-expr","locations":[{"start":{"line":1,"column":239},"end":{"line":1,"column":260}},{"start":{"line":1,"column":264},"end":{"line":1,"column":269}}],"line":1},"1":{"loc":{"start":{"line":1,"column":301},"end":{"line":1,"column":355}},"type":"if","locations":[{"start":{"line":1,"column":301},"end":{"line":1,"column":355}},{"start":{"line":1,"column":301},"end":{"line":1,"column":355}}],"line":1},"2":{"loc":{"start":{"line":1,"column":471},"end":{"line":1,"column":539}},"type":"if","locations":[{"start":{"line":1,"column":471},"end":{"line":1,"column":539}},{"start":{"line":1,"column":471},"end":{"line":1,"column":539}}],"line":1},"3":{"loc":{"start":{"line":1,"column":539},"end":{"line":1,"column":599}},"type":"if","locations":[{"start":{"line":1,"column":539},"end":{"line":1,"column":599}},{"start":{"line":1,"column":539},"end":{"line":1,"column":599}}],"line":1},"4":{"loc":{"start":{"line":18,"column":121},"end":{"line":18,"column":167}},"type":"cond-expr","locations":[{"start":{"line":18,"column":145},"end":{"line":18,"column":148}},{"start":{"line":18,"column":151},"end":{"line":18,"column":167}}],"line":18},"5":{"loc":{"start":{"line":18,"column":121},"end":{"line":18,"column":142}},"type":"binary-expr","locations":[{"start":{"line":18,"column":121},"end":{"line":18,"column":124}},{"start":{"line":18,"column":128},"end":{"line":18,"column":142}}],"line":18},"6":{"loc":{"start":{"line":18,"column":212},"end":{"line":18,"column":359}},"type":"if","locations":[{"start":{"line":18,"column":212},"end":{"line":18,"column":359}},{"start":{"line":18,"column":212},"end":{"line":18,"column":359}}],"line":18},"7":{"loc":{"start":{"line":18,"column":420},"end":{"line":18,"column":519}},"type":"if","locations":[{"start":{"line":18,"column":420},"end":{"line":18,"column":519}},{"start":{"line":18,"column":420},"end":{"line":18,"column":519}}],"line":18},"8":{"loc":{"start":{"line":18,"column":569},"end":{"line":18,"column":668}},"type":"if","locations":[{"start":{"line":18,"column":569},"end":{"line":18,"column":668}},{"start":{"line":18,"column":569},"end":{"line":18,"column":668}}],"line":18},"9":{"loc":{"start":{"line":18,"column":675},"end":{"line":18,"column":753}},"type":"cond-expr","locations":[{"start":{"line":18,"column":742},"end":{"line":18,"column":746}},{"start":{"line":18,"column":749},"end":{"line":18,"column":753}}],"line":18},"10":{"loc":{"start":{"line":18,"column":675},"end":{"line":18,"column":739}},"type":"binary-expr","locations":[{"start":{"line":18,"column":675},"end":{"line":18,"column":679}},{"start":{"line":18,"column":684},"end":{"line":18,"column":708}},{"start":{"line":18,"column":712},"end":{"line":18,"column":738}}],"line":18},"11":{"loc":{"start":{"line":18,"column":797},"end":{"line":18,"column":960}},"type":"if","locations":[{"start":{"line":18,"column":797},"end":{"line":18,"column":960}},{"start":{"line":18,"column":797},"end":{"line":18,"column":960}}],"line":18},"12":{"loc":{"start":{"line":18,"column":801},"end":{"line":18,"column":856}},"type":"binary-expr","locations":[{"start":{"line":18,"column":801},"end":{"line":18,"column":833}},{"start":{"line":18,"column":837},"end":{"line":18,"column":856}}],"line":18},"13":{"loc":{"start":{"line":18,"column":995},"end":{"line":18,"column":1029}},"type":"binary-expr","locations":[{"start":{"line":18,"column":995},"end":{"line":18,"column":1005}},{"start":{"line":18,"column":1009},"end":{"line":18,"column":1029}}],"line":18},"14":{"loc":{"start":{"line":18,"column":1124},"end":{"line":18,"column":1242}},"type":"if","locations":[{"start":{"line":18,"column":1124},"end":{"line":18,"column":1242}},{"start":{"line":18,"column":1124},"end":{"line":18,"column":1242}}],"line":18},"15":{"loc":{"start":{"line":18,"column":1140},"end":{"line":18,"column":1241}},"type":"cond-expr","locations":[{"start":{"line":18,"column":1164},"end":{"line":18,"column":1207}},{"start":{"line":18,"column":1210},"end":{"line":18,"column":1241}}],"line":18},"16":{"loc":{"start":{"line":27,"column":50},"end":{"line":27,"column":105}},"type":"binary-expr","locations":[{"start":{"line":27,"column":50},"end":{"line":27,"column":69}},{"start":{"line":27,"column":73},"end":{"line":27,"column":105}}],"line":27},"17":{"loc":{"start":{"line":47,"column":6},"end":{"line":49,"column":7}},"type":"if","locations":[{"start":{"line":47,"column":6},"end":{"line":49,"column":7}},{"start":{"line":47,"column":6},"end":{"line":49,"column":7}}],"line":47},"18":{"loc":{"start":{"line":53,"column":6},"end":{"line":55,"column":7}},"type":"if","locations":[{"start":{"line":53,"column":6},"end":{"line":55,"column":7}},{"start":{"line":53,"column":6},"end":{"line":55,"column":7}}],"line":53},"19":{"loc":{"start":{"line":76,"column":98},"end":{"line":76,"column":119}},"type":"binary-expr","locations":[{"start":{"line":76,"column":98},"end":{"line":76,"column":106}},{"start":{"line":76,"column":110},"end":{"line":76,"column":119}}],"line":76}},"s":{"0":0,"1":0,"2":0,"3":0,"4":0,"5":0,"6":0,"7":0,"8":0,"9":0,"10":0,"11":0,"12":0,"13":0,"14":0,"15":0,"16":0,"17":0,"18":0,"19":0,"20":0,"21":0,"22":0,"23":0,"24":0,"25":0,"26":0,"27":0,"28":0,"29":0,"30":0,"31":0,"32":0,"33":0,"34":0,"35":0,"36":0,"37":0,"38":0,"39":0,"40":0,"41":0,"42":0,"43":0,"44":0,"45":0,"46":0,"47":0,"48":0,"49":0,"50":0,"51":0,"52":0,"53":0,"54":0,"55":0,"56":0,"57":0,"58":0,"59":0,"60":0,"61":0,"62":0,"63":0,"64":0,"65":0,"66":0,"67":0,"68":0,"69":0,"70":0,"71":0,"72":0,"73":0,"74":0,"75":0},"f":{"0":0,"1":0,"2":0,"3":0,"4":0,"5":0,"6":0,"7":0,"8":0,"9":0,"10":0,"11":0,"12":0,"13":0,"14":0},"b":{"0":[0,0],"1":[0,0],"2":[0,0],"3":[0,0],"4":[0,0],"5":[0,0],"6":[0,0],"7":[0,0],"8":[0,0],"9":[0,0],"10":[0,0,0],"11":[0,0],"12":[0,0],"13":[0,0],"14":[0,0],"15":[0,0],"16":[0,0],"17":[0,0],"18":[0,0],"19":[0,0]}}
,"C:\\Fedja\\RestaurantKF_v3\\restaurant_v3\\client-app\\containers\\NotFoundPage.js": {"path":"C:\\Fedja\\RestaurantKF_v3\\restaurant_v3\\client-app\\containers\\NotFoundPage.js","statementMap":{"0":{"start":{"line":1,"column":13},"end":{"line":1,"column":75}},"1":{"start":{"line":1,"column":88},"end":{"line":1,"column":104}},"2":{"start":{"line":1,"column":119},"end":{"line":1,"column":149}},"3":{"start":{"line":2,"column":22},"end":{"line":2,"column":49}},"4":{"start":{"line":2,"column":88},"end":{"line":2,"column":142}},"5":{"start":{"line":4,"column":19},"end":{"line":10,"column":99}},"6":{"start":{"line":4,"column":44},"end":{"line":10,"column":98}},"7":{"start":{"line":10,"column":100},"end":{"line":14,"column":13}}},"fnMap":{"0":{"name":"_interopRequireDefault","decl":{"start":{"line":2,"column":59},"end":{"line":2,"column":81}},"loc":{"start":{"line":2,"column":87},"end":{"line":2,"column":143}},"line":2},"1":{"name":"NotFoundPage","decl":{"start":{"line":4,"column":28},"end":{"line":4,"column":40}},"loc":{"start":{"line":4,"column":43},"end":{"line":10,"column":99}},"line":4}},"branchMap":{"0":{"loc":{"start":{"line":2,"column":95},"end":{"line":2,"column":141}},"type":"cond-expr","locations":[{"start":{"line":2,"column":119},"end":{"line":2,"column":122}},{"start":{"line":2,"column":125},"end":{"line":2,"column":141}}],"line":2},"1":{"loc":{"start":{"line":2,"column":95},"end":{"line":2,"column":116}},"type":"binary-expr","locations":[{"start":{"line":2,"column":95},"end":{"line":2,"column":98}},{"start":{"line":2,"column":102},"end":{"line":2,"column":116}}],"line":2}},"s":{"0":0,"1":0,"2":0,"3":0,"4":0,"5":0,"6":0,"7":0},"f":{"0":0,"1":0},"b":{"0":[0,0],"1":[0,0]}}
,"C:\\Fedja\\RestaurantKF_v3\\restaurant_v3\\client-app\\containers\\RegisterPage.js": {"path":"C:\\Fedja\\RestaurantKF_v3\\restaurant_v3\\client-app\\containers\\RegisterPage.js","statementMap":{"0":{"start":{"line":1,"column":13},"end":{"line":1,"column":75}},"1":{"start":{"line":1,"column":90},"end":{"line":1,"column":321}},"2":{"start":{"line":1,"column":126},"end":{"line":1,"column":306}},"3":{"start":{"line":1,"column":183},"end":{"line":1,"column":195}},"4":{"start":{"line":1,"column":196},"end":{"line":1,"column":305}},"5":{"start":{"line":1,"column":221},"end":{"line":1,"column":304}},"6":{"start":{"line":1,"column":277},"end":{"line":1,"column":303}},"7":{"start":{"line":1,"column":306},"end":{"line":1,"column":320}},"8":{"start":{"line":1,"column":341},"end":{"line":1,"column":870}},"9":{"start":{"line":1,"column":396},"end":{"line":1,"column":661}},"10":{"start":{"line":1,"column":453},"end":{"line":1,"column":461}},"11":{"start":{"line":1,"column":462},"end":{"line":1,"column":517}},"12":{"start":{"line":1,"column":517},"end":{"line":1,"column":548}},"13":{"start":{"line":1,"column":548},"end":{"line":1,"column":602}},"14":{"start":{"line":1,"column":575},"end":{"line":1,"column":602}},"15":{"start":{"line":1,"column":602},"end":{"line":1,"column":660}},"16":{"start":{"line":1,"column":662},"end":{"line":1,"column":867}},"17":{"start":{"line":1,"column":718},"end":{"line":1,"column":786}},"18":{"start":{"line":1,"column":734},"end":{"line":1,"column":786}},"19":{"start":{"line":1,"column":786},"end":{"line":1,"column":846}},"20":{"start":{"line":1,"column":803},"end":{"line":1,"column":846}},"21":{"start":{"line":1,"column":846},"end":{"line":1,"column":865}},"22":{"start":{"line":1,"column":884},"end":{"line":1,"column":900}},"23":{"start":{"line":1,"column":915},"end":{"line":1,"column":945}},"24":{"start":{"line":2,"column":22},"end":{"line":2,"column":49}},"25":{"start":{"line":3,"column":18},"end":{"line":3,"column":40}},"26":{"start":{"line":4,"column":17},"end":{"line":4,"column":38}},"27":{"start":{"line":5,"column":18},"end":{"line":5,"column":39}},"28":{"start":{"line":16,"column":12},"end":{"line":16,"column":46}},"29":{"start":{"line":17,"column":22},"end":{"line":17,"column":75}},"30":{"start":{"line":18,"column":16},"end":{"line":18,"column":77}},"31":{"start":{"line":19,"column":13},"end":{"line":19,"column":69}},"32":{"start":{"line":19,"column":108},"end":{"line":19,"column":162}},"33":{"start":{"line":19,"column":206},"end":{"line":19,"column":353}},"34":{"start":{"line":19,"column":223},"end":{"line":19,"column":327}},"35":{"start":{"line":19,"column":335},"end":{"line":19,"column":352}},"36":{"start":{"line":19,"column":353},"end":{"line":19,"column":364}},"37":{"start":{"line":19,"column":414},"end":{"line":19,"column":513}},"38":{"start":{"line":19,"column":455},"end":{"line":19,"column":512}},"39":{"start":{"line":19,"column":563},"end":{"line":19,"column":662}},"40":{"start":{"line":19,"column":575},"end":{"line":19,"column":661}},"41":{"start":{"line":19,"column":662},"end":{"line":19,"column":748}},"42":{"start":{"line":19,"column":791},"end":{"line":19,"column":954}},"43":{"start":{"line":19,"column":853},"end":{"line":19,"column":953}},"44":{"start":{"line":19,"column":954},"end":{"line":19,"column":1118}},"45":{"start":{"line":19,"column":1118},"end":{"line":19,"column":1236}},"46":{"start":{"line":19,"column":1134},"end":{"line":19,"column":1236}},"47":{"start":{"line":21,"column":15},"end":{"line":92,"column":58}},"48":{"start":{"line":21,"column":44},"end":{"line":21,"column":86}},"49":{"start":{"line":22,"column":32},"end":{"line":22,"column":68}},"50":{"start":{"line":22,"column":80},"end":{"line":23,"column":11}},"51":{"start":{"line":25,"column":4},"end":{"line":30,"column":25}},"52":{"start":{"line":34,"column":4},"end":{"line":34,"column":56}},"53":{"start":{"line":35,"column":4},"end":{"line":35,"column":56}},"54":{"start":{"line":35,"column":56},"end":{"line":35,"column":69}},"55":{"start":{"line":36,"column":3},"end":{"line":92,"column":10}},"56":{"start":{"line":39,"column":6},"end":{"line":39,"column":18}},"57":{"start":{"line":39,"column":26},"end":{"line":39,"column":44}},"58":{"start":{"line":39,"column":53},"end":{"line":39,"column":72}},"59":{"start":{"line":40,"column":13},"end":{"line":40,"column":28}},"60":{"start":{"line":41,"column":6},"end":{"line":44,"column":25}},"61":{"start":{"line":50,"column":6},"end":{"line":50,"column":29}},"62":{"start":{"line":52,"column":13},"end":{"line":52,"column":28}},"63":{"start":{"line":53,"column":6},"end":{"line":53,"column":16}},"64":{"start":{"line":53,"column":28},"end":{"line":53,"column":43}},"65":{"start":{"line":53,"column":52},"end":{"line":53,"column":64}},"66":{"start":{"line":54,"column":6},"end":{"line":56,"column":7}},"67":{"start":{"line":55,"column":8},"end":{"line":55,"column":51}},"68":{"start":{"line":61,"column":6},"end":{"line":61,"column":16}},"69":{"start":{"line":61,"column":31},"end":{"line":61,"column":50}},"70":{"start":{"line":61,"column":62},"end":{"line":61,"column":78}},"71":{"start":{"line":62,"column":13},"end":{"line":62,"column":28}},"72":{"start":{"line":63,"column":6},"end":{"line":85,"column":131}},"73":{"start":{"line":92,"column":10},"end":{"line":92,"column":30}},"74":{"start":{"line":96,"column":16},"end":{"line":96,"column":46}},"75":{"start":{"lin
[...]
,"C:\\Fedja\\RestaurantKF_v3\\restaurant_v3\\client-app\\helpers\\auth-header.js": {"path":"C:\\Fedja\\RestaurantKF_v3\\restaurant_v3\\client-app\\helpers\\auth-header.js","statementMap":{"0":{"start":{"line":1,"column":13},"end":{"line":1,"column":75}},"1":{"start":{"line":1,"column":75},"end":{"line":1,"column":107}},"2":{"start":{"line":3,"column":13},"end":{"line":3,"column":53}},"3":{"start":{"line":5,"column":2},"end":{"line":9,"column":3}},"4":{"start":{"line":6,"column":4},"end":{"line":7,"column":6}},"5":{"start":{"line":8,"column":4},"end":{"line":8,"column":14}}},"fnMap":{"0":{"name":"authHeader","decl":{"start":{"line":1,"column":116},"end":{"line":1,"column":126}},"loc":{"start":{"line":1,"column":129},"end":{"line":10,"column":1}},"line":1}},"branchMap":{"0":{"loc":{"start":{"line":5,"column":2},"end":{"line":9,"column":3}},"type":"if","locations":[{"start":{"line":5,"column":2},"end":{"line":9,"column":3}},{"start":{"line":5,"column":2},"end":{"line":9,"column":3}}],"line":5},"1":{"loc":{"start":{"line":5,"column":6},"end":{"line":5,"column":24}},"type":"binary-expr","locations":[{"start":{"line":5,"column":6},"end":{"line":5,"column":10}},{"start":{"line":5,"column":14},"end":{"line":5,"column":24}}],"line":5}},"s":{"0":0,"1":0,"2":0,"3":0,"4":0,"5":0},"f":{"0":0},"b":{"0":[0,0],"1":[0,0]}}
,"C:\\Fedja\\RestaurantKF_v3\\restaurant_v3\\client-app\\helpers\\httpClient.js": {"path":"C:\\Fedja\\RestaurantKF_v3\\restaurant_v3\\client-app\\helpers\\httpClient.js","statementMap":{"0":{"start":{"line":1,"column":13},"end":{"line":1,"column":75}},"1":{"start":{"line":1,"column":88},"end":{"line":1,"column":104}},"2":{"start":{"line":1,"column":119},"end":{"line":1,"column":149}},"3":{"start":{"line":2,"column":14},"end":{"line":2,"column":45}},"4":{"start":{"line":2,"column":84},"end":{"line":2,"column":138}},"5":{"start":{"line":8,"column":13},"end":{"line":9,"column":35}},"6":{"start":{"line":15,"column":14},"end":{"line":38,"column":1}},"7":{"start":{"line":16,"column":18},"end":{"line":18,"column":3}},"8":{"start":{"line":17,"column":4},"end":{"line":17,"column":25}},"9":{"start":{"line":20,"column":16},"end":{"line":32,"column":3}},"10":{"start":{"line":22,"column":4},"end":{"line":29,"column":7}},"11":{"start":{"line":31,"column":4},"end":{"line":31,"column":59}},"12":{"start":{"line":35,"column":2},"end":{"line":37,"column":17}},"13":{"start":{"line":38,"column":2},"end":{"line":41,"column":8}}},"fnMap":{"0":{"name":"_interopRequireDefault","decl":{"start":{"line":2,"column":55},"end":{"line":2,"column":77}},"loc":{"start":{"line":2,"column":83},"end":{"line":2,"column":139}},"line":2},"1":{"name":"request","decl":{"start":{"line":15,"column":23},"end":{"line":15,"column":30}},"loc":{"start":{"line":15,"column":40},"end":{"line":38,"column":1}},"line":15},"2":{"name":"onSuccess","decl":{"start":{"line":16,"column":27},"end":{"line":16,"column":36}},"loc":{"start":{"line":16,"column":47},"end":{"line":18,"column":3}},"line":16},"3":{"name":"onError","decl":{"start":{"line":20,"column":25},"end":{"line":20,"column":32}},"loc":{"start":{"line":20,"column":40},"end":{"line":32,"column":3}},"line":20}},"branchMap":{"0":{"loc":{"start":{"line":2,"column":91},"end":{"line":2,"column":137}},"type":"cond-expr","locations":[{"start":{"line":2,"column":115},"end":{"line":2,"column":118}},{"start":{"line":2,"column":121},"end":{"line":2,"column":137}}],"line":2},"1":{"loc":{"start":{"line":2,"column":91},"end":{"line":2,"column":112}},"type":"binary-expr","locations":[{"start":{"line":2,"column":91},"end":{"line":2,"column":94}},{"start":{"line":2,"column":98},"end":{"line":2,"column":112}}],"line":2},"2":{"loc":{"start":{"line":22,"column":4},"end":{"line":29,"column":7}},"type":"if","locations":[{"start":{"line":22,"column":4},"end":{"line":29,"column":7}},{"start":{"line":22,"column":4},"end":{"line":29,"column":7}}],"line":22},"3":{"loc":{"start":{"line":31,"column":26},"end":{"line":31,"column":57}},"type":"binary-expr","locations":[{"start":{"line":31,"column":26},"end":{"line":31,"column":40}},{"start":{"line":31,"column":44},"end":{"line":31,"column":57}}],"line":31}},"s":{"0":0,"1":0,"2":0,"3":0,"4":0,"5":0,"6":0,"7":0,"8":0,"9":0,"10":0,"11":0,"12":0,"13":0},"f":{"0":0,"1":0,"2":0,"3":0},"b":{"0":[0,0],"1":[0,0],"2":[0,0],"3":[0,0]}}
,"C:\\Fedja\\RestaurantKF_v3\\restaurant_v3\\client-app\\reducers\\authentication.reducer.js": {"path":"C:\\Fedja\\RestaurantKF_v3\\restaurant_v3\\client-app\\reducers\\authentication.reducer.js","statementMap":{"0":{"start":{"line":1,"column":13},"end":{"line":1,"column":75}},"1":{"start":{"line":1,"column":75},"end":{"line":15,"column":32}},"2":{"start":{"line":15,"column":49},"end":{"line":15,"column":69}},"3":{"start":{"line":15,"column":88},"end":{"line":15,"column":122}},"4":{"start":{"line":15,"column":135},"end":{"line":15,"column":173}},"5":{"start":{"line":15,"column":212},"end":{"line":15,"column":266}},"6":{"start":{"line":15,"column":278},"end":{"line":15,"column":318}},"7":{"start":{"line":17,"column":19},"end":{"line":17,"column":120}},"8":{"start":{"line":17,"column":160},"end":{"line":17,"column":240}},"9":{"start":{"line":17,"column":254},"end":{"line":17,"column":266}},"10":{"start":{"line":17,"column":267},"end":{"line":43,"column":20}},"11":{"start":{"line":18,"column":6},"end":{"line":21,"column":22}},"12":{"start":{"line":24,"column":6},"end":{"line":27,"column":29}},"13":{"start":{"line":30,"column":6},"end":{"line":34,"column":31}},"14":{"start":{"line":37,"column":6},"end":{"line":40,"column":22}},"15":{"start":{"line":43,"column":6},"end":{"line":43,"column":19}}},"fnMap":{"0":{"name":"_interopRequireDefault","decl":{"start":{"line":15,"column":183},"end":{"line":15,"column":205}},"loc":{"start":{"line":15,"column":211},"end":{"line":15,"column":267}},"line":15},"1":{"name":"authentication","decl":{"start":{"line":17,"column":130},"end":{"line":17,"column":144}},"loc":{"start":{"line":17,"column":147},"end":{"line":45,"column":1}},"line":17}},"branchMap":{"0":{"loc":{"start":{"line":15,"column":219},"end":{"line":15,"column":265}},"type":"cond-expr","locations":[{"start":{"line":15,"column":243},"end":{"line":15,"column":246}},{"start":{"line":15,"column":249},"end":{"line":15,"column":265}}],"line":15},"1":{"loc":{"start":{"line":15,"column":219},"end":{"line":15,"column":240}},"type":"binary-expr","locations":[{"start":{"line":15,"column":219},"end":{"line":15,"column":222}},{"start":{"line":15,"column":226},"end":{"line":15,"column":240}}],"line":15},"2":{"loc":{"start":{"line":17,"column":55},"end":{"line":17,"column":74}},"type":"cond-expr","locations":[{"start":{"line":17,"column":62},"end":{"line":17,"column":66}},{"start":{"line":17,"column":69},"end":{"line":17,"column":74}}],"line":17},"3":{"loc":{"start":{"line":17,"column":160},"end":{"line":17,"column":240}},"type":"cond-expr","locations":[{"start":{"line":17,"column":213},"end":{"line":17,"column":225}},{"start":{"line":17,"column":228},"end":{"line":17,"column":240}}],"line":17},"4":{"loc":{"start":{"line":17,"column":160},"end":{"line":17,"column":210}},"type":"binary-expr","locations":[{"start":{"line":17,"column":160},"end":{"line":17,"column":180}},{"start":{"line":17,"column":184},"end":{"line":17,"column":210}}],"line":17},"5":{"loc":{"start":{"line":17,"column":267},"end":{"line":43,"column":20}},"type":"switch","locations":[{"start":{"line":17,"column":289},"end":{"line":21,"column":22}},{"start":{"line":23,"column":4},"end":{"line":27,"column":29}},{"start":{"line":29,"column":4},"end":{"line":34,"column":31}},{"start":{"line":36,"column":4},"end":{"line":40,"column":22}},{"start":{"line":42,"column":4},"end":{"line":43,"column":19}}],"line":17}},"s":{"0":0,"1":0,"2":0,"3":0,"4":0,"5":0,"6":0,"7":0,"8":0,"9":0,"10":0,"11":0,"12":0,"13":0,"14":0,"15":0},"f":{"0":0,"1":0},"b":{"0":[0,0],"1":[0,0],"2":[0,0],"3":[0,0],"4":[0,0],"5":[0,0,0,0,0]}}
,"C:\\Fedja\\RestaurantKF_v3\\restaurant_v3\\client-app\\reducers\\index.js": {"path":"C:\\Fedja\\RestaurantKF_v3\\restaurant_v3\\client-app\\reducers\\index.js","statementMap":{"0":{"start":{"line":1,"column":13},"end":{"line":1,"column":75}},"1":{"start":{"line":1,"column":92},"end":{"line":1,"column":113}},"2":{"start":{"line":2,"column":13},"end":{"line":2,"column":29}},"3":{"start":{"line":3,"column":24},"end":{"line":3,"column":53}},"4":{"start":{"line":4,"column":22},"end":{"line":4,"column":57}},"5":{"start":{"line":5,"column":20},"end":{"line":5,"column":53}},"6":{"start":{"line":7,"column":18},"end":{"line":11,"column":29}},"7":{"start":{"line":11,"column":30},"end":{"line":14,"column":12}}},"fnMap":{},"branchMap":{},"s":{"0":0,"1":0,"2":0,"3":0,"4":0,"5":0,"6":0,"7":0},"f":{},"b":{}}
,"C:\\Fedja\\RestaurantKF_v3\\restaurant_v3\\client-app\\reducers\\registration.reducer.js": {"path":"C:\\Fedja\\RestaurantKF_v3\\restaurant_v3\\client-app\\reducers\\registration.reducer.js","statementMap":{"0":{"start":{"line":1,"column":13},"end":{"line":1,"column":75}},"1":{"start":{"line":1,"column":75},"end":{"line":3,"column":28}},"2":{"start":{"line":3,"column":40},"end":{"line":3,"column":78}},"3":{"start":{"line":3,"column":116},"end":{"line":3,"column":186}},"4":{"start":{"line":3,"column":200},"end":{"line":3,"column":212}},"5":{"start":{"line":4,"column":2},"end":{"line":12,"column":20}},"6":{"start":{"line":6,"column":6},"end":{"line":6,"column":35}},"7":{"start":{"line":8,"column":6},"end":{"line":8,"column":36}},"8":{"start":{"line":10,"column":6},"end":{"line":10,"column":36}},"9":{"start":{"line":12,"column":6},"end":{"line":12,"column":19}}},"fnMap":{"0":{"name":"registration","decl":{"start":{"line":3,"column":88},"end":{"line":3,"column":100}},"loc":{"start":{"line":3,"column":103},"end":{"line":14,"column":1}},"line":3}},"branchMap":{"0":{"loc":{"start":{"line":3,"column":116},"end":{"line":3,"column":186}},"type":"cond-expr","locations":[{"start":{"line":3,"column":169},"end":{"line":3,"column":181}},{"start":{"line":3,"column":184},"end":{"line":3,"column":186}}],"line":3},"1":{"loc":{"start":{"line":3,"column":116},"end":{"line":3,"column":166}},"type":"binary-expr","locations":[{"start":{"line":3,"column":116},"end":{"line":3,"column":136}},{"start":{"line":3,"column":140},"end":{"line":3,"column":166}}],"line":3},"2":{"loc":{"start":{"line":4,"column":2},"end":{"line":12,"column":20}},"type":"switch","locations":[{"start":{"line":5,"column":4},"end":{"line":6,"column":35}},{"start":{"line":7,"column":4},"end":{"line":8,"column":36}},{"start":{"line":9,"column":4},"end":{"line":10,"column":36}},{"start":{"line":11,"column":4},"end":{"line":12,"column":19}}],"line":4}},"s":{"0":0,"1":0,"2":0,"3":0,"4":0,"5":0,"6":0,"7":0,"8":0,"9":0},"f":{"0":0},"b":{"0":[0,0],"1":[0,0],"2":[0,0,0,0]}}
,"C:\\Fedja\\RestaurantKF_v3\\restaurant_v3\\client-app\\services\\user.service.js": {"path":"C:\\Fedja\\RestaurantKF_v3\\restaurant_v3\\client-app\\services\\user.service.js","statementMap":{"0":{"start":{"line":1,"column":13},"end":{"line":1,"column":75}},"1":{"start":{"line":1,"column":75},"end":{"line":1,"column":107}},"2":{"start":{"line":1,"column":125},"end":{"line":1,"column":157}},"3":{"start":{"line":1,"column":177},"end":{"line":1,"column":212}},"4":{"start":{"line":1,"column":251},"end":{"line":1,"column":305}},"5":{"start":{"line":3,"column":18},"end":{"line":6,"column":22}},"6":{"start":{"line":31,"column":2},"end":{"line":47,"column":5}},"7":{"start":{"line":41,"column":4},"end":{"line":44,"column":5}},"8":{"start":{"line":43,"column":6},"end":{"line":43,"column":61}},"9":{"start":{"line":46,"column":4},"end":{"line":46,"column":20}},"10":{"start":{"line":52,"column":2},"end":{"line":52,"column":34}},"11":{"start":{"line":56,"column":2},"end":{"line":59,"column":18}}},"fnMap":{"0":{"name":"_interopRequireDefault","decl":{"start":{"line":1,"column":222},"end":{"line":1,"column":244}},"loc":{"start":{"line":1,"column":250},"end":{"line":1,"column":306}},"line":1},"1":{"name":"login","decl":{"start":{"line":30,"column":9},"end":{"line":30,"column":14}},"loc":{"start":{"line":30,"column":30},"end":{"line":48,"column":1}},"line":30},"2":{"name":"(anonymous_2)","decl":{"start":{"line":39,"column":7},"end":{"line":39,"column":8}},"loc":{"start":{"line":39,"column":27},"end":{"line":47,"column":3}},"line":39},"3":{"name":"logout","decl":{"start":{"line":50,"column":9},"end":{"line":50,"column":15}},"loc":{"start":{"line":50,"column":18},"end":{"line":53,"column":1}},"line":50},"4":{"name":"register","decl":{"start":{"line":55,"column":9},"end":{"line":55,"column":17}},"loc":{"start":{"line":55,"column":24},"end":{"line":61,"column":1}},"line":55}},"branchMap":{"0":{"loc":{"start":{"line":1,"column":258},"end":{"line":1,"column":304}},"type":"cond-expr","locations":[{"start":{"line":1,"column":282},"end":{"line":1,"column":285}},{"start":{"line":1,"column":288},"end":{"line":1,"column":304}}],"line":1},"1":{"loc":{"start":{"line":1,"column":258},"end":{"line":1,"column":279}},"type":"binary-expr","locations":[{"start":{"line":1,"column":258},"end":{"line":1,"column":261}},{"start":{"line":1,"column":265},"end":{"line":1,"column":279}}],"line":1},"2":{"loc":{"start":{"line":41,"column":4},"end":{"line":44,"column":5}},"type":"if","locations":[{"start":{"line":41,"column":4},"end":{"line":44,"column":5}},{"start":{"line":41,"column":4},"end":{"line":44,"column":5}}],"line":41},"3":{"loc":{"start":{"line":41,"column":8},"end":{"line":41,"column":34}},"type":"binary-expr","locations":[{"start":{"line":41,"column":8},"end":{"line":41,"column":16}},{"start":{"line":41,"column":20},"end":{"line":41,"column":34}}],"line":41}},"s":{"0":0,"1":0,"2":0,"3":0,"4":0,"5":0,"6":0,"7":0,"8":0,"9":0,"10":0,"11":0},"f":{"0":0,"1":0,"2":0,"3":0,"4":0},"b":{"0":[0,0],"1":[0,0],"2":[0,0],"3":[0,0]}}
,"C:\\Fedja\\RestaurantKF_v3\\restaurant_v3\\client-app\\store\\configureStore.js": {"path":"C:\\Fedja\\RestaurantKF_v3\\restaurant_v3\\client-app\\store\\configureStore.js","statementMap":{"0":{"start":{"line":1,"column":13},"end":{"line":1,"column":75}},"1":{"start":{"line":1,"column":75},"end":{"line":1,"column":103}},"2":{"start":{"line":1,"column":116},"end":{"line":1,"column":132}},"3":{"start":{"line":2,"column":36},"end":{"line":2,"column":78}},"4":{"start":{"line":2,"column":116},"end":{"line":2,"column":169}},"5":{"start":{"line":3,"column":18},"end":{"line":3,"column":40}},"6":{"start":{"line":3,"column":60},"end":{"line":3,"column":95}},"7":{"start":{"line":4,"column":30},"end":{"line":4,"column":65}},"8":{"start":{"line":4,"column":97},"end":{"line":4,"column":144}},"9":{"start":{"line":5,"column":28},"end":{"line":5,"column":67}},"10":{"start":{"line":5,"column":97},"end":{"line":5,"column":142}},"11":{"start":{"line":7,"column":24},"end":{"line":7,"column":53}},"12":{"start":{"line":8,"column":16},"end":{"line":8,"column":38}},"13":{"start":{"line":8,"column":56},"end":{"line":8,"column":89}},"14":{"start":{"line":8,"column":128},"end":{"line":8,"column":182}},"15":{"start":{"line":10,"column":14},"end":{"line":10,"column":69}},"16":{"start":{"line":13,"column":30},"end":{"line":13,"column":78}},"17":{"start":{"line":14,"column":20},"end":{"line":37,"column":87}},"18":{"start":{"line":37,"column":88},"end":{"line":37,"column":228}},"19":{"start":{"line":37,"column":299},"end":{"line":37,"column":347}},"20":{"start":{"line":37,"column":366},"end":{"line":39,"column":93}},"21":{"start":{"line":41,"column":25},"end":{"line":41,"column":86}},"22":{"start":{"line":42,"column":14},"end":{"line":42,"column":143}},"23":{"start":{"line":44,"column":2},"end":{"line":50,"column":3}},"24":{"start":{"line":46,"column":4},"end":{"line":49,"column":7}},"25":{"start":{"line":47,"column":24},"end":{"line":47,"column":54}},"26":{"start":{"line":48,"column":6},"end":{"line":48,"column":40}},"27":{"start":{"line":52,"column":2},"end":{"line":52,"column":15}},"28":{"start":{"line":55,"column":21},"end":{"line":55,"column":99}},"29":{"start":{"line":55,"column":100},"end":{"line":57,"column":15}}},"fnMap":{"0":{"name":"_interopRequireDefault","decl":{"start":{"line":8,"column":99},"end":{"line":8,"column":121}},"loc":{"start":{"line":8,"column":127},"end":{"line":8,"column":183}},"line":8},"1":{"name":"configureStoreProd","decl":{"start":{"line":12,"column":9},"end":{"line":12,"column":27}},"loc":{"start":{"line":12,"column":42},"end":{"line":37,"column":229}},"line":12},"2":{"name":"configureStoreDev","decl":{"start":{"line":37,"column":238},"end":{"line":37,"column":255}},"loc":{"start":{"line":37,"column":270},"end":{"line":53,"column":1}},"line":37},"3":{"name":"(anonymous_3)","decl":{"start":{"line":46,"column":37},"end":{"line":46,"column":38}},"loc":{"start":{"line":46,"column":49},"end":{"line":49,"column":5}},"line":46}},"branchMap":{"0":{"loc":{"start":{"line":8,"column":135},"end":{"line":8,"column":181}},"type":"cond-expr","locations":[{"start":{"line":8,"column":159},"end":{"line":8,"column":162}},{"start":{"line":8,"column":165},"end":{"line":8,"column":181}}],"line":8},"1":{"loc":{"start":{"line":8,"column":135},"end":{"line":8,"column":156}},"type":"binary-expr","locations":[{"start":{"line":8,"column":135},"end":{"line":8,"column":138}},{"start":{"line":8,"column":142},"end":{"line":8,"column":156}}],"line":8},"2":{"loc":{"start":{"line":41,"column":25},"end":{"line":41,"column":86}},"type":"binary-expr","locations":[{"start":{"line":41,"column":25},"end":{"line":41,"column":68}},{"start":{"line":41,"column":72},"end":{"line":41,"column":86}}],"line":41},"3":{"loc":{"start":{"line":44,"column":2},"end":{"line":50,"column":3}},"type":"if","locations":[{"start":{"line":44,"column":2},"end":{"line":50,"column":3}},{"start":{"line":44,"column":2},"end":{"line":50,"column":3}}],"line":44},"4":{"loc":{"start":{"line":55,"column":21},"end":{"line":55,"column":99}},"type":"cond-expr","locations":[{"start":{"line":55,"column":61},"end":{"line":55,"column":79}},{"start":{"line":55,"column":82},"end":{"line":55,"column":99}}],"line":55}},"s":{"0":0,"1":0,"2":0,"3":0,"4":0,"5":0,"6":0,"7":0,"8":0,"9":0,"10":0,"11":0,"12":0,"13":0,"14":0,"15":0,"16":0,"17":0,"18":0,"19":0,"20":0,"21":0,"22":0,"23":0,"24":0,"25":0,"26":0,"27":0,"28":0,"29":0},"f":{"0":0,"1":0,"2":0,"3":0},"b":{"0":[0,0],"1":[0,0],"2":[0,0],"3":[0,0],"4":[0,0]}}
}
