TN:
SF:C:\Fedja\RestaurantKF_v3\restaurant_v3\client-app\registerServiceWorker.js
FN:112,_interopRequireDefault
FN:121,register
FN:129,(anonymous_2)
FN:132,registerSW
FN:132,(anonymous_4)
FN:134,(anonymous_5)
FN:136,registerValidSW
FN:136,(anonymous_7)
FN:136,(anonymous_8)
FN:136,(anonymous_9)
FN:145,(anonymous_10)
FN:146,checkValidServiceWorker
FN:147,(anonymous_12)
FN:149,(anonymous_13)
FN:149,(anonymous_14)
FN:150,(anonymous_15)
FN:151,unregister
FN:151,(anonymous_17)
FNF:18
FNH:0
FNDA:0,_interopRequireDefault
FNDA:0,register
FNDA:0,(anonymous_2)
FNDA:0,registerSW
FNDA:0,(anonymous_4)
FNDA:0,(anonymous_5)
FNDA:0,registerValidSW
FNDA:0,(anonymous_7)
FNDA:0,(anonymous_8)
FNDA:0,(anonymous_9)
FNDA:0,(anonymous_10)
FNDA:0,checkValidServiceWorker
FNDA:0,(anonymous_12)
FNDA:0,(anonymous_13)
FNDA:0,(anonymous_14)
FNDA:0,(anonymous_15)
FNDA:0,unregister
FNDA:0,(anonymous_17)
DA:1,0
DA:22,0
DA:112,0
DA:119,0
DA:121,0
DA:129,0
DA:131,0
DA:132,0
DA:133,0
DA:135,0
DA:136,0
DA:140,0
DA:144,0
DA:145,0
DA:147,0
DA:148,0
DA:149,0
DA:150,0
DA:151,0
LF:19
LH:0
BRDA:112,0,0,0
BRDA:112,0,1,0
BRDA:112,1,0,0
BRDA:112,1,1,0
BRDA:119,2,0,0
BRDA:119,2,1,0
BRDA:119,2,2,0
BRDA:121,3,0,0
BRDA:121,3,1,0
BRDA:129,4,0,0
BRDA:129,4,1,0
BRDA:136,5,0,0
BRDA:136,5,1,0
BRDA:136,6,0,0
BRDA:136,6,1,0
BRDA:148,7,0,0
BRDA:148,7,1,0
BRDA:148,8,0,0
BRDA:148,8,1,0
BRDA:151,9,0,0
BRDA:151,9,1,0
BRF:21
BRH:0
end_of_record
TN:
SF:C:\Fedja\RestaurantKF_v3\restaurant_v3\client-app\sw.js
FN:12,(anonymous_0)
FN:16,(anonymous_1)
FN:18,(anonymous_2)
FN:19,(anonymous_3)
FN:25,(anonymous_4)
FN:31,(anonymous_5)
FN:34,(anonymous_6)
FN:37,(anonymous_7)
FN:44,(anonymous_8)
FN:48,(anonymous_9)
FN:49,(anonymous_10)
FN:55,(anonymous_11)
FNF:12
FNH:0
FNDA:0,(anonymous_0)
FNDA:0,(anonymous_1)
FNDA:0,(anonymous_2)
FNDA:0,(anonymous_3)
FNDA:0,(anonymous_4)
FNDA:0,(anonymous_5)
FNDA:0,(anonymous_6)
FNDA:0,(anonymous_7)
FNDA:0,(anonymous_8)
FNDA:0,(anonymous_9)
FNDA:0,(anonymous_10)
FNDA:0,(anonymous_11)
DA:9,0
DA:12,0
DA:15,0
DA:16,0
DA:18,0
DA:19,0
DA:25,0
DA:31,0
DA:32,0
DA:33,0
DA:35,0
DA:37,0
DA:44,0
DA:45,0
DA:46,0
DA:48,0
DA:50,0
DA:51,0
DA:55,0
LF:19
LH:0
BRDA:35,0,0,0
BRDA:35,0,1,0
BRDA:50,1,0,0
BRDA:50,1,1,0
BRF:4
BRH:0
end_of_record
TN:
SF:C:\Fedja\RestaurantKF_v3\restaurant_v3\client-app\actions\user.actions.js
FN:11,login
FN:12,(anonymous_1)
FN:17,(anonymous_2)
FN:21,(anonymous_3)
FN:27,request
FN:28,success
FN:29,failure
FN:32,logout
FN:37,register
FN:38,(anonymous_9)
FN:43,(anonymous_10)
FN:47,(anonymous_11)
FN:53,request
FN:54,success
FN:55,failure
FNF:15
FNH:0
FNDA:0,login
FNDA:0,(anonymous_1)
FNDA:0,(anonymous_2)
FNDA:0,(anonymous_3)
FNDA:0,request
FNDA:0,success
FNDA:0,failure
FNDA:0,logout
FNDA:0,register
FNDA:0,(anonymous_9)
FNDA:0,(anonymous_10)
FNDA:0,(anonymous_11)
FNDA:0,request
FNDA:0,success
FNDA:0,failure
DA:1,0
DA:2,0
DA:3,0
DA:5,0
DA:12,0
DA:13,0
DA:15,0
DA:18,0
DA:19,0
DA:22,0
DA:27,0
DA:28,0
DA:29,0
DA:33,0
DA:34,0
DA:38,0
DA:39,0
DA:41,0
DA:44,0
DA:45,0
DA:48,0
DA:53,0
DA:54,0
DA:55,0
LF:24
LH:0
BRF:0
BRH:0
end_of_record
TN:
SF:C:\Fedja\RestaurantKF_v3\restaurant_v3\client-app\components\Footer.js
FN:1,_interopRequireDefault
FN:3,Footer
FNF:2
FNH:0
FNDA:0,_interopRequireDefault
FNDA:0,Footer
DA:1,0
DA:3,0
DA:7,0
LF:3
LH:0
BRDA:1,0,0,0
BRDA:1,0,1,0
BRDA:1,1,0,0
BRDA:1,1,1,0
BRF:4
BRH:0
end_of_record
TN:
SF:C:\Fedja\RestaurantKF_v3\restaurant_v3\client-app\components\Header.js
FN:1,(anonymous_0)
FN:1,defineProperties
FN:1,(anonymous_2)
FN:11,_interopRequireDefault
FN:11,_classCallCheck
FN:11,_possibleConstructorReturn
FN:11,_inherits
FN:13,(anonymous_7)
FN:14,Header
FN:21,sidebarToggle
FN:24,sidebarMinimize
FN:29,mobileSidebarToggle
FN:34,asideToggle
FN:39,logout
FN:45,render
FN:75,mapStateToProps
FNF:16
FNH:0
FNDA:0,(anonymous_0)
FNDA:0,defineProperties
FNDA:0,(anonymous_2)
FNDA:0,_interopRequireDefault
FNDA:0,_classCallCheck
FNDA:0,_possibleConstructorReturn
FNDA:0,_inherits
FNDA:0,(anonymous_7)
FNDA:0,Header
FNDA:0,sidebarToggle
FNDA:0,sidebarMinimize
FNDA:0,mobileSidebarToggle
FNDA:0,asideToggle
FNDA:0,logout
FNDA:0,render
FNDA:0,mapStateToProps
DA:1,0
DA:2,0
DA:3,0
DA:4,0
DA:11,0
DA:13,0
DA:14,0
DA:17,0
DA:21,0
DA:22,0
DA:23,0
DA:27,0
DA:28,0
DA:32,0
DA:33,0
DA:37,0
DA:38,0
DA:43,0
DA:44,0
DA:48,0
DA:72,0
DA:76,0
DA:77,0
DA:80,0
LF:24
LH:0
BRDA:1,0,0,0
BRDA:1,0,1,0
BRDA:1,1,0,0
BRDA:1,1,1,0
BRDA:1,2,0,0
BRDA:1,2,1,0
BRDA:1,3,0,0
BRDA:1,3,1,0
BRDA:11,4,0,0
BRDA:11,4,1,0
BRDA:11,5,0,0
BRDA:11,5,1,0
BRDA:11,6,0,0
BRDA:11,6,1,0
BRDA:11,7,0,0
BRDA:11,7,1,0
BRDA:11,8,0,0
BRDA:11,8,1,0
BRDA:11,9,0,0
BRDA:11,9,1,0
BRDA:11,9,2,0
BRDA:11,10,0,0
BRDA:11,10,1,0
BRDA:11,11,0,0
BRDA:11,11,1,0
BRDA:11,12,0,0
BRDA:11,12,1,0
BRDA:11,13,0,0
BRDA:11,13,1,0
BRDA:11,14,0,0
BRDA:11,14,1,0
BRDA:14,15,0,0
BRDA:14,15,1,0
BRDA:51,16,0,0
BRDA:51,16,1,0
BRDA:63,17,0,0
BRDA:63,17,1,0
BRDA:68,18,0,0
BRDA:68,18,1,0
BRF:39
BRH:0
end_of_record
TN:
SF:C:\Fedja\RestaurantKF_v3\restaurant_v3\client-app\components\PrivateRoute.js
FN:1,(anonymous_0)
FN:4,_interopRequireDefault
FN:4,_objectWithoutProperties
FN:6,PrivateRoute
FN:9,render
FN:22,mapStateToProps
FNF:6
FNH:0
FNDA:0,(anonymous_0)
FNDA:0,_interopRequireDefault
FNDA:0,_objectWithoutProperties
FNDA:0,PrivateRoute
FNDA:0,render
FNDA:0,mapStateToProps
DA:1,0
DA:2,0
DA:3,0
DA:4,0
DA:6,0
DA:9,0
DA:17,0
DA:23,0
DA:26,0
LF:9
LH:0
BRDA:1,0,0,0
BRDA:1,0,1,0
BRDA:1,1,0,0
BRDA:1,1,1,0
BRDA:4,2,0,0
BRDA:4,2,1,0
BRDA:4,3,0,0
BRDA:4,3,1,0
BRDA:4,4,0,0
BRDA:4,4,1,0
BRDA:4,5,0,0
BRDA:4,5,1,0
BRDA:10,6,0,0
BRDA:10,6,1,0
BRF:14
BRH:0
end_of_record
TN:
SF:C:\Fedja\RestaurantKF_v3\restaurant_v3\client-app\components\forms\input.field.form.group.js
FN:1,(anonymous_0)
FN:2,_interopRequireDefault
FN:2,_objectWithoutProperties
FN:9,renderInputField
FNF:4
FNH:0
FNDA:0,(anonymous_0)
FNDA:0,_interopRequireDefault
FNDA:0,_objectWithoutProperties
FNDA:0,renderInputField
DA:1,0
DA:2,0
DA:9,0
DA:13,0
LF:4
LH:0
BRDA:1,0,0,0
BRDA:1,0,1,0
BRDA:1,1,0,0
BRDA:1,1,1,0
BRDA:2,2,0,0
BRDA:2,2,1,0
BRDA:2,3,0,0
BRDA:2,3,1,0
BRDA:2,4,0,0
BRDA:2,4,1,0
BRDA:2,5,0,0
BRDA:2,5,1,0
BRDA:13,6,0,0
BRDA:13,6,1,0
BRDA:13,6,2,0
BRF:15
BRH:0
end_of_record
TN:
SF:C:\Fedja\RestaurantKF_v3\restaurant_v3\client-app\components\forms\validators\field.required.js
FN:1,required
FNF:1
FNH:0
FNDA:0,required
DA:1,0
DA:2,0
DA:3,0
LF:3
LH:0
BRDA:2,0,0,0
BRDA:2,0,1,0
BRF:2
BRH:0
end_of_record
TN:
SF:C:\Fedja\RestaurantKF_v3\restaurant_v3\client-app\components\forms\validators\login.validation.js
FN:1,validate
FNF:1
FNH:0
FNDA:0,validate
DA:1,0
DA:2,0
DA:3,0
DA:4,0
DA:6,0
DA:7,0
DA:9,0
DA:10,0
DA:12,0
DA:13,0
DA:15,0
LF:11
LH:0
BRDA:3,0,0,0
BRDA:3,0,1,0
BRDA:6,1,0,0
BRDA:6,1,1,0
BRDA:9,2,0,0
BRDA:9,2,1,0
BRDA:9,3,0,0
BRDA:9,3,1,0
BRDA:12,4,0,0
BRDA:12,4,1,0
BRDA:12,5,0,0
BRDA:12,5,1,0
BRF:12
BRH:0
end_of_record
TN:
SF:C:\Fedja\RestaurantKF_v3\restaurant_v3\client-app\components\forms\validators\register.validation.js
FN:1,validate
FNF:1
FNH:0
FNDA:0,validate
DA:1,0
DA:2,0
DA:3,0
DA:4,0
DA:6,0
DA:7,0
DA:9,0
DA:10,0
DA:12,0
DA:13,0
DA:15,0
LF:11
LH:0
BRDA:3,0,0,0
BRDA:3,0,1,0
BRDA:6,1,0,0
BRDA:6,1,1,0
BRDA:9,2,0,0
BRDA:9,2,1,0
BRDA:9,3,0,0
BRDA:9,3,1,0
BRDA:12,4,0,0
BRDA:12,4,1,0
BRDA:12,5,0,0
BRDA:12,5,1,0
BRF:12
BRH:0
end_of_record
TN:
SF:C:\Fedja\RestaurantKF_v3\restaurant_v3\client-app\config\config.dev.js
FNF:0
FNH:0
DA:1,0
LF:1
LH:0
BRF:0
BRH:0
end_of_record
TN:
SF:C:\Fedja\RestaurantKF_v3\restaurant_v3\client-app\constants\user.constants.js
FNF:0
FNH:0
DA:1,0
LF:1
LH:0
BRF:0
BRH:0
end_of_record
TN:
SF:C:\Fedja\RestaurantKF_v3\restaurant_v3\client-app\containers\AboutPage.js
FN:5,(anonymous_0)
FNF:1
FNH:1
FNDA:2,(anonymous_0)
DA:5,1
DA:7,2
LF:2
LH:2
BRF:0
BRH:0
end_of_record
TN:
SF:C:\Fedja\RestaurantKF_v3\restaurant_v3\client-app\containers\App.js
FN:13,_interopRequireDefault
FN:19,App
FNF:2
FNH:0
FNDA:0,_interopRequireDefault
FNDA:0,App
DA:1,0
DA:2,0
DA:3,0
DA:4,0
DA:5,0
DA:6,0
DA:7,0
DA:8,0
DA:9,0
DA:10,0
DA:11,0
DA:12,0
DA:13,0
DA:20,0
DA:42,0
LF:15
LH:0
BRDA:13,0,0,0
BRDA:13,0,1,0
BRDA:13,1,0,0
BRDA:13,1,1,0
BRF:4
BRH:0
end_of_record
TN:
SF:C:\Fedja\RestaurantKF_v3\restaurant_v3\client-app\containers\ContactUsPage.js
FN:2,_interopRequireDefault
FN:5,ContactUsPage
FNF:2
FNH:0
FNDA:0,_interopRequireDefault
FNDA:0,ContactUsPage
DA:1,0
DA:2,0
DA:5,0
DA:13,0
LF:4
LH:0
BRDA:2,0,0,0
BRDA:2,0,1,0
BRDA:2,1,0,0
BRDA:2,1,1,0
BRF:4
BRH:0
end_of_record
TN:
SF:C:\Fedja\RestaurantKF_v3\restaurant_v3\client-app\containers\HomePage.js
FN:3,_interopRequireDefault
FN:18,makeSocialBoxData
FN:33,(anonymous_2)
FN:61,HomePage
FNF:4
FNH:0
FNDA:0,_interopRequireDefault
FNDA:0,makeSocialBoxData
FNDA:0,(anonymous_2)
FNDA:0,HomePage
DA:1,0
DA:2,0
DA:3,0
DA:11,0
DA:18,0
DA:19,0
DA:20,0
DA:33,0
DA:36,0
DA:61,0
DA:135,0
LF:11
LH:0
BRDA:3,0,0,0
BRDA:3,0,1,0
BRDA:3,1,0,0
BRDA:3,1,1,0
BRF:4
BRH:0
end_of_record
TN:
SF:C:\Fedja\RestaurantKF_v3\restaurant_v3\client-app\containers\LoginPage.js
FN:1,(anonymous_0)
FN:1,defineProperties
FN:1,(anonymous_2)
FN:18,_interopRequireDefault
FN:18,_defineProperty
FN:18,_classCallCheck
FN:18,_possibleConstructorReturn
FN:18,_inherits
FN:21,(anonymous_8)
FN:22,LoginPage
FN:35,handleChange
FN:40,handleSubmit
FN:50,renderAlert
FN:59,render
FN:91,mapStateToProps
FNF:15
FNH:0
FNDA:0,(anonymous_0)
FNDA:0,defineProperties
FNDA:0,(anonymous_2)
FNDA:0,_interopRequireDefault
FNDA:0,_defineProperty
FNDA:0,_classCallCheck
FNDA:0,_possibleConstructorReturn
FNDA:0,_inherits
FNDA:0,(anonymous_8)
FNDA:0,LoginPage
FNDA:0,handleChange
FNDA:0,handleSubmit
FNDA:0,renderAlert
FNDA:0,render
FNDA:0,mapStateToProps
DA:1,0
DA:2,0
DA:3,0
DA:4,0
DA:5,0
DA:16,0
DA:17,0
DA:18,0
DA:21,0
DA:22,0
DA:27,0
DA:28,0
DA:33,0
DA:34,0
DA:35,0
DA:38,0
DA:39,0
DA:43,0
DA:45,0
DA:46,0
DA:47,0
DA:48,0
DA:53,0
DA:54,0
DA:60,0
DA:61,0
DA:63,0
DA:88,0
DA:92,0
DA:93,0
DA:94,0
DA:100,0
DA:102,0
LF:33
LH:0
BRDA:1,0,0,0
BRDA:1,0,1,0
BRDA:1,1,0,0
BRDA:1,1,1,0
BRDA:1,2,0,0
BRDA:1,2,1,0
BRDA:1,3,0,0
BRDA:1,3,1,0
BRDA:18,4,0,0
BRDA:18,4,1,0
BRDA:18,5,0,0
BRDA:18,5,1,0
BRDA:18,6,0,0
BRDA:18,6,1,0
BRDA:18,7,0,0
BRDA:18,7,1,0
BRDA:18,8,0,0
BRDA:18,8,1,0
BRDA:18,9,0,0
BRDA:18,9,1,0
BRDA:18,10,0,0
BRDA:18,10,1,0
BRDA:18,10,2,0
BRDA:18,11,0,0
BRDA:18,11,1,0
BRDA:18,12,0,0
BRDA:18,12,1,0
BRDA:18,13,0,0
BRDA:18,13,1,0
BRDA:18,14,0,0
BRDA:18,14,1,0
BRDA:18,15,0,0
BRDA:18,15,1,0
BRDA:27,16,0,0
BRDA:27,16,1,0
BRDA:47,17,0,0
BRDA:47,17,1,0
BRDA:53,18,0,0
BRDA:53,18,1,0
BRDA:76,19,0,0
BRDA:76,19,1,0
BRF:41
BRH:0
end_of_record
TN:
SF:C:\Fedja\RestaurantKF_v3\restaurant_v3\client-app\containers\NotFoundPage.js
FN:2,_interopRequireDefault
FN:4,NotFoundPage
FNF:2
FNH:0
FNDA:0,_interopRequireDefault
FNDA:0,NotFoundPage
DA:1,0
DA:2,0
DA:4,0
DA:10,0
LF:4
LH:0
BRDA:2,0,0,0
BRDA:2,0,1,0
BRDA:2,1,0,0
BRDA:2,1,1,0
BRF:4
BRH:0
end_of_record
TN:
SF:C:\Fedja\RestaurantKF_v3\restaurant_v3\client-app\containers\RegisterPage.js
FN:1,(anonymous_0)
FN:1,(anonymous_1)
FN:1,defineProperties
FN:1,(anonymous_3)
FN:19,_interopRequireDefault
FN:19,_defineProperty
FN:19,_classCallCheck
FN:19,_possibleConstructorReturn
FN:19,_inherits
FN:21,(anonymous_9)
FN:22,RegisterPage
FN:36,handleChange
FN:47,handleSubmit
FN:60,render
FN:95,mapStateToProps
FNF:15
FNH:0
FNDA:0,(anonymous_0)
FNDA:0,(anonymous_1)
FNDA:0,defineProperties
FNDA:0,(anonymous_3)
FNDA:0,_interopRequireDefault
FNDA:0,_defineProperty
FNDA:0,_classCallCheck
FNDA:0,_possibleConstructorReturn
FNDA:0,_inherits
FNDA:0,(anonymous_9)
FNDA:0,RegisterPage
FNDA:0,handleChange
FNDA:0,handleSubmit
FNDA:0,render
FNDA:0,mapStateToProps
DA:1,0
DA:2,0
DA:3,0
DA:4,0
DA:5,0
DA:16,0
DA:17,0
DA:18,0
DA:19,0
DA:21,0
DA:22,0
DA:25,0
DA:34,0
DA:35,0
DA:36,0
DA:39,0
DA:40,0
DA:41,0
DA:50,0
DA:52,0
DA:53,0
DA:54,0
DA:55,0
DA:61,0
DA:62,0
DA:63,0
DA:92,0
DA:96,0
DA:97,0
DA:103,0
DA:105,0
LF:31
LH:0
BRDA:1,0,0,0
BRDA:1,0,1,0
BRDA:1,1,0,0
BRDA:1,1,1,0
BRDA:1,2,0,0
BRDA:1,2,1,0
BRDA:1,3,0,0
BRDA:1,3,1,0
BRDA:1,4,0,0
BRDA:1,4,1,0
BRDA:1,5,0,0
BRDA:1,5,1,0
BRDA:19,6,0,0
BRDA:19,6,1,0
BRDA:19,7,0,0
BRDA:19,7,1,0
BRDA:19,8,0,0
BRDA:19,8,1,0
BRDA:19,9,0,0
BRDA:19,9,1,0
BRDA:19,10,0,0
BRDA:19,10,1,0
BRDA:19,11,0,0
BRDA:19,11,1,0
BRDA:19,12,0,0
BRDA:19,12,1,0
BRDA:19,12,2,0
BRDA:19,13,0,0
BRDA:19,13,1,0
BRDA:19,14,0,0
BRDA:19,14,1,0
BRDA:19,15,0,0
BRDA:19,15,1,0
BRDA:19,16,0,0
BRDA:19,16,1,0
BRDA:19,17,0,0
BRDA:19,17,1,0
BRDA:22,18,0,0
BRDA:22,18,1,0
BRDA:54,19,0,0
BRDA:54,19,1,0
BRDA:77,20,0,0
BRDA:77,20,1,0
BRDA:78,21,0,0
BRDA:78,21,1,0
BRF:45
BRH:0
end_of_record
TN:
SF:C:\Fedja\RestaurantKF_v3\restaurant_v3\client-app\containers\Root.js
FN:1,(anonymous_0)
FN:1,defineProperties
FN:1,(anonymous_2)
FN:5,_interopRequireDefault
FN:5,_classCallCheck
FN:5,_possibleConstructorReturn
FN:5,_inherits
FN:9,(anonymous_7)
FN:9,Root
FN:9,render
FNF:10
FNH:0
FNDA:0,(anonymous_0)
FNDA:0,defineProperties
FNDA:0,(anonymous_2)
FNDA:0,_interopRequireDefault
FNDA:0,_classCallCheck
FNDA:0,_possibleConstructorReturn
FNDA:0,_inherits
FNDA:0,(anonymous_7)
FNDA:0,Root
FNDA:0,render
DA:1,0
DA:2,0
DA:3,0
DA:4,0
DA:5,0
DA:9,0
DA:11,0
DA:12,0
DA:19,0
DA:22,0
LF:10
LH:0
BRDA:1,0,0,0
BRDA:1,0,1,0
BRDA:1,1,0,0
BRDA:1,1,1,0
BRDA:1,2,0,0
BRDA:1,2,1,0
BRDA:1,3,0,0
BRDA:1,3,1,0
BRDA:5,4,0,0
BRDA:5,4,1,0
BRDA:5,5,0,0
BRDA:5,5,1,0
BRDA:5,6,0,0
BRDA:5,6,1,0
BRDA:5,7,0,0
BRDA:5,7,1,0
BRDA:5,8,0,0
BRDA:5,8,1,0
BRDA:5,9,0,0
BRDA:5,9,1,0
BRDA:5,9,2,0
BRDA:5,10,0,0
BRDA:5,10,1,0
BRDA:5,11,0,0
BRDA:5,11,1,0
BRDA:5,12,0,0
BRDA:5,12,1,0
BRDA:5,13,0,0
BRDA:5,13,1,0
BRDA:5,14,0,0
BRDA:5,14,1,0
BRDA:9,15,0,0
BRDA:9,15,1,0
BRF:33
BRH:0
end_of_record
TN:
SF:C:\Fedja\RestaurantKF_v3\restaurant_v3\client-app\helpers\auth-header.js
FN:1,authHeader
FNF:1
FNH:0
FNDA:0,authHeader
DA:1,0
DA:3,0
DA:5,0
DA:6,0
DA:8,0
LF:5
LH:0
BRDA:5,0,0,0
BRDA:5,0,1,0
BRDA:5,1,0,0
BRDA:5,1,1,0
BRF:4
BRH:0
end_of_record
TN:
SF:C:\Fedja\RestaurantKF_v3\restaurant_v3\client-app\helpers\httpClient.js
FN:2,_interopRequireDefault
FN:15,request
FN:16,onSuccess
FN:20,onError
FNF:4
FNH:0
FNDA:0,_interopRequireDefault
FNDA:0,request
FNDA:0,onSuccess
FNDA:0,onError
DA:1,0
DA:2,0
DA:8,0
DA:15,0
DA:16,0
DA:17,0
DA:20,0
DA:22,0
DA:31,0
DA:35,0
DA:38,0
LF:11
LH:0
BRDA:2,0,0,0
BRDA:2,0,1,0
BRDA:2,1,0,0
BRDA:2,1,1,0
BRDA:22,2,0,0
BRDA:22,2,1,0
BRDA:31,3,0,0
BRDA:31,3,1,0
BRF:8
BRH:0
end_of_record
TN:
SF:C:\Fedja\RestaurantKF_v3\restaurant_v3\client-app\reducers\authentication.reducer.js
FN:15,_interopRequireDefault
FN:17,authentication
FNF:2
FNH:0
FNDA:0,_interopRequireDefault
FNDA:0,authentication
DA:1,0
DA:15,0
DA:17,0
DA:18,0
DA:24,0
DA:30,0
DA:37,0
DA:43,0
LF:8
LH:0
BRDA:15,0,0,0
BRDA:15,0,1,0
BRDA:15,1,0,0
BRDA:15,1,1,0
BRDA:17,2,0,0
BRDA:17,2,1,0
BRDA:17,3,0,0
BRDA:17,3,1,0
BRDA:17,4,0,0
BRDA:17,4,1,0
BRDA:17,5,0,0
BRDA:17,5,1,0
BRDA:17,5,2,0
BRDA:17,5,3,0
BRDA:17,5,4,0
BRF:15
BRH:0
end_of_record
TN:
SF:C:\Fedja\RestaurantKF_v3\restaurant_v3\client-app\reducers\index.js
FNF:0
FNH:0
DA:1,0
DA:2,0
DA:3,0
DA:4,0
DA:5,0
DA:7,0
DA:11,0
LF:7
LH:0
BRF:0
BRH:0
end_of_record
TN:
SF:C:\Fedja\RestaurantKF_v3\restaurant_v3\client-app\reducers\registration.reducer.js
FN:3,registration
FNF:1
FNH:0
FNDA:0,registration
DA:1,0
DA:3,0
DA:4,0
DA:6,0
DA:8,0
DA:10,0
DA:12,0
LF:7
LH:0
BRDA:3,0,0,0
BRDA:3,0,1,0
BRDA:3,1,0,0
BRDA:3,1,1,0
BRDA:4,2,0,0
BRDA:4,2,1,0
BRDA:4,2,2,0
BRDA:4,2,3,0
BRF:8
BRH:0
end_of_record
TN:
SF:C:\Fedja\RestaurantKF_v3\restaurant_v3\client-app\services\user.service.js
FN:1,_interopRequireDefault
FN:30,login
FN:39,(anonymous_2)
FN:50,logout
FN:55,register
FNF:5
FNH:0
FNDA:0,_interopRequireDefault
FNDA:0,login
FNDA:0,(anonymous_2)
FNDA:0,logout
FNDA:0,register
DA:1,0
DA:3,0
DA:31,0
DA:41,0
DA:43,0
DA:46,0
DA:52,0
DA:56,0
LF:8
LH:0
BRDA:1,0,0,0
BRDA:1,0,1,0
BRDA:1,1,0,0
BRDA:1,1,1,0
BRDA:41,2,0,0
BRDA:41,2,1,0
BRDA:41,3,0,0
BRDA:41,3,1,0
BRF:8
BRH:0
end_of_record
TN:
SF:C:\Fedja\RestaurantKF_v3\restaurant_v3\client-app\store\configureStore.js
FN:8,_interopRequireDefault
FN:12,configureStoreProd
FN:37,configureStoreDev
FN:46,(anonymous_3)
FNF:4
FNH:0
FNDA:0,_interopRequireDefault
FNDA:0,configureStoreProd
FNDA:0,configureStoreDev
FNDA:0,(anonymous_3)
DA:1,0
DA:2,0
DA:3,0
DA:4,0
DA:5,0
DA:7,0
DA:8,0
DA:10,0
DA:13,0
DA:14,0
DA:37,0
DA:41,0
DA:42,0
DA:44,0
DA:46,0
DA:47,0
DA:48,0
DA:52,0
DA:55,0
LF:19
LH:0
BRDA:8,0,0,0
BRDA:8,0,1,0
BRDA:8,1,0,0
BRDA:8,1,1,0
BRDA:41,2,0,0
BRDA:41,2,1,0
BRDA:44,3,0,0
BRDA:44,3,1,0
BRDA:55,4,0,0
BRDA:55,4,1,0
BRF:10
BRH:0
end_of_record
